{
"C:\\github\\pnp\\Libraries\\Core.JavaScript\\output\\pnp.js":{"path":"C:\\github\\pnp\\Libraries\\Core.JavaScript\\output\\pnp.js","s":{"1":1,"2":1,"3":1,"4":1,"5":1,"6":0,"7":0,"8":1,"9":1,"10":1,"11":1,"12":1,"13":1,"14":1,"15":1,"16":1,"17":1,"18":1,"19":1,"20":1,"21":1},"b":{"1":[1,0],"2":[1,1],"3":[1,0],"4":[0,0],"5":[0,0]},"f":{"1":1,"2":1,"3":1,"4":0},"fnMap":{"1":{"name":"(anonymous_1)","line":1,"loc":{"start":{"line":1,"column":1},"end":{"line":1,"column":20}}},"2":{"name":"(anonymous_2)","line":8,"loc":{"start":{"line":8,"column":3},"end":{"line":8,"column":31}}},"3":{"name":"(anonymous_3)","line":18,"loc":{"start":{"line":18,"column":15},"end":{"line":18,"column":27}}},"4":{"name":"PnP","line":19,"loc":{"start":{"line":19,"column":8},"end":{"line":19,"column":23}}}},"statementMap":{"1":{"start":{"line":1,"column":0},"end":{"line":44,"column":3}},"2":{"start":{"line":2,"column":4},"end":{"line":7,"column":5},"skip":true},"3":{"start":{"line":3,"column":8},"end":{"line":3,"column":42},"skip":true},"4":{"start":{"line":3,"column":43},"end":{"line":3,"column":83},"skip":true},"5":{"start":{"line":3,"column":64},"end":{"line":3,"column":83},"skip":true},"6":{"start":{"line":5,"column":9},"end":{"line":7,"column":5},"skip":true},"7":{"start":{"line":6,"column":8},"end":{"line":6,"column":162},"skip":true},"8":{"start":{"line":10,"column":4},"end":{"line":10,"column":39}},"9":{"start":{"line":11,"column":4},"end":{"line":11,"column":58}},"10":{"start":{"line":12,"column":4},"end":{"line":12,"column":47}},"11":{"start":{"line":13,"column":4},"end":{"line":13,"column":65}},"12":{"start":{"line":14,"column":4},"end":{"line":14,"column":47}},"13":{"start":{"line":18,"column":4},"end":{"line":42,"column":9}},"14":{"start":{"line":19,"column":8},"end":{"line":20,"column":9}},"15":{"start":{"line":24,"column":8},"end":{"line":24,"column":24}},"16":{"start":{"line":28,"column":8},"end":{"line":28,"column":55}},"17":{"start":{"line":32,"column":8},"end":{"line":32,"column":55}},"18":{"start":{"line":36,"column":8},"end":{"line":36,"column":42}},"19":{"start":{"line":40,"column":8},"end":{"line":40,"column":45}},"20":{"start":{"line":41,"column":8},"end":{"line":41,"column":19}},"21":{"start":{"line":43,"column":4},"end":{"line":43,"column":15}}},"branchMap":{"1":{"line":2,"type":"if","locations":[{"start":{"line":2,"column":4},"end":{"line":2,"column":4},"skip":true},{"start":{"line":2,"column":4},"end":{"line":2,"column":4},"skip":true}]},"2":{"line":2,"type":"binary-expr","locations":[{"start":{"line":2,"column":8},"end":{"line":2,"column":34},"skip":true},{"start":{"line":2,"column":38},"end":{"line":2,"column":72},"skip":true}]},"3":{"line":3,"type":"if","locations":[{"start":{"line":3,"column":43},"end":{"line":3,"column":43},"skip":true},{"start":{"line":3,"column":43},"end":{"line":3,"column":43},"skip":true}]},"4":{"line":5,"type":"if","locations":[{"start":{"line":5,"column":9},"end":{"line":5,"column":9},"skip":true},{"start":{"line":5,"column":9},"end":{"line":5,"column":9},"skip":true}]},"5":{"line":5,"type":"binary-expr","locations":[{"start":{"line":5,"column":13},"end":{"line":5,"column":41},"skip":true},{"start":{"line":5,"column":45},"end":{"line":5,"column":55},"skip":true}]}},"l":{"1":1,"2":1,"3":1,"5":1,"6":1,"10":1,"11":1,"12":1,"13":1,"14":1,"18":1,"19":1,"24":1,"28":1,"32":1,"36":1,"40":1,"41":1,"43":1}},
"C:\\github\\pnp\\Libraries\\Core.JavaScript\\output\\configuration\\configuration.js":{"path":"C:\\github\\pnp\\Libraries\\Core.JavaScript\\output\\configuration\\configuration.js","s":{"1":1,"2":1,"3":1,"4":1,"5":0,"6":0,"7":0,"8":1,"9":1,"10":1,"11":1,"12":1,"13":1,"14":12,"15":1,"16":2,"17":1,"18":1,"19":1,"20":4,"21":1,"22":9,"23":9,"24":9,"25":7,"26":7,"27":1,"28":1,"29":14,"30":1,"31":2,"32":2,"33":0,"34":2,"35":1,"36":1},"b":{"1":[1,0],"2":[1,1],"3":[0,1],"4":[0,0],"5":[0,0],"6":[0,2],"7":[2,2]},"f":{"1":1,"2":1,"3":1,"4":12,"5":2,"6":1,"7":4,"8":9,"9":9,"10":7,"11":1,"12":14,"13":2},"fnMap":{"1":{"name":"(anonymous_1)","line":1,"loc":{"start":{"line":1,"column":1},"end":{"line":1,"column":20}}},"2":{"name":"(anonymous_2)","line":8,"loc":{"start":{"line":8,"column":3},"end":{"line":8,"column":31}}},"3":{"name":"(anonymous_3)","line":14,"loc":{"start":{"line":14,"column":20},"end":{"line":14,"column":32}}},"4":{"name":"Settings","line":15,"loc":{"start":{"line":15,"column":8},"end":{"line":15,"column":28}}},"5":{"name":"(anonymous_5)","line":18,"loc":{"start":{"line":18,"column":33},"end":{"line":18,"column":55}}},"6":{"name":"(anonymous_6)","line":21,"loc":{"start":{"line":21,"column":37},"end":{"line":21,"column":59}}},"7":{"name":"(anonymous_7)","line":24,"loc":{"start":{"line":24,"column":35},"end":{"line":24,"column":51}}},"8":{"name":"(anonymous_8)","line":27,"loc":{"start":{"line":27,"column":34},"end":{"line":27,"column":54}}},"9":{"name":"(anonymous_9)","line":29,"loc":{"start":{"line":29,"column":45},"end":{"line":29,"column":72}}},"10":{"name":"(anonymous_10)","line":30,"loc":{"start":{"line":30,"column":49},"end":{"line":30,"column":66}}},"11":{"name":"(anonymous_11)","line":33,"loc":{"start":{"line":33,"column":25},"end":{"line":33,"column":43}}},"12":{"name":"(anonymous_12)","line":38,"loc":{"start":{"line":38,"column":33},"end":{"line":38,"column":48}}},"13":{"name":"(anonymous_13)","line":41,"loc":{"start":{"line":41,"column":37},"end":{"line":41,"column":52}}}},"statementMap":{"1":{"start":{"line":1,"column":0},"end":{"line":51,"column":3}},"2":{"start":{"line":2,"column":4},"end":{"line":7,"column":5},"skip":true},"3":{"start":{"line":3,"column":8},"end":{"line":3,"column":42},"skip":true},"4":{"start":{"line":3,"column":43},"end":{"line":3,"column":83},"skip":true},"5":{"start":{"line":3,"column":64},"end":{"line":3,"column":83},"skip":true},"6":{"start":{"line":5,"column":9},"end":{"line":7,"column":5},"skip":true},"7":{"start":{"line":6,"column":8},"end":{"line":6,"column":118},"skip":true},"8":{"start":{"line":10,"column":4},"end":{"line":10,"column":60}},"9":{"start":{"line":11,"column":4},"end":{"line":11,"column":47}},"10":{"start":{"line":12,"column":4},"end":{"line":12,"column":53}},"11":{"start":{"line":13,"column":4},"end":{"line":13,"column":34}},"12":{"start":{"line":14,"column":4},"end":{"line":49,"column":9}},"13":{"start":{"line":15,"column":8},"end":{"line":17,"column":9}},"14":{"start":{"line":16,"column":12},"end":{"line":16,"column":58}},"15":{"start":{"line":18,"column":8},"end":{"line":20,"column":10}},"16":{"start":{"line":19,"column":12},"end":{"line":19,"column":43}},"17":{"start":{"line":21,"column":8},"end":{"line":23,"column":10}},"18":{"start":{"line":22,"column":12},"end":{"line":22,"column":59}},"19":{"start":{"line":24,"column":8},"end":{"line":26,"column":10}},"20":{"start":{"line":25,"column":12},"end":{"line":25,"column":39}},"21":{"start":{"line":27,"column":8},"end":{"line":37,"column":10}},"22":{"start":{"line":28,"column":12},"end":{"line":28,"column":29}},"23":{"start":{"line":29,"column":12},"end":{"line":36,"column":15}},"24":{"start":{"line":30,"column":16},"end":{"line":35,"column":19}},"25":{"start":{"line":31,"column":20},"end":{"line":31,"column":49}},"26":{"start":{"line":32,"column":20},"end":{"line":32,"column":30}},"27":{"start":{"line":34,"column":20},"end":{"line":34,"column":35}},"28":{"start":{"line":38,"column":8},"end":{"line":40,"column":10}},"29":{"start":{"line":39,"column":12},"end":{"line":39,"column":43}},"30":{"start":{"line":41,"column":8},"end":{"line":47,"column":10}},"31":{"start":{"line":42,"column":12},"end":{"line":42,"column":34}},"32":{"start":{"line":43,"column":12},"end":{"line":45,"column":13}},"33":{"start":{"line":44,"column":16},"end":{"line":44,"column":25}},"34":{"start":{"line":46,"column":12},"end":{"line":46,"column":33}},"35":{"start":{"line":48,"column":8},"end":{"line":48,"column":24}},"36":{"start":{"line":50,"column":4},"end":{"line":50,"column":32}}},"branchMap":{"1":{"line":2,"type":"if","locations":[{"start":{"line":2,"column":4},"end":{"line":2,"column":4},"skip":true},{"start":{"line":2,"column":4},"end":{"line":2,"column":4},"skip":true}]},"2":{"line":2,"type":"binary-expr","locations":[{"start":{"line":2,"column":8},"end":{"line":2,"column":34},"skip":true},{"start":{"line":2,"column":38},"end":{"line":2,"column":72},"skip":true}]},"3":{"line":3,"type":"if","locations":[{"start":{"line":3,"column":43},"end":{"line":3,"column":43},"skip":true},{"start":{"line":3,"column":43},"end":{"line":3,"column":43},"skip":true}]},"4":{"line":5,"type":"if","locations":[{"start":{"line":5,"column":9},"end":{"line":5,"column":9},"skip":true},{"start":{"line":5,"column":9},"end":{"line":5,"column":9},"skip":true}]},"5":{"line":5,"type":"binary-expr","locations":[{"start":{"line":5,"column":13},"end":{"line":5,"column":41},"skip":true},{"start":{"line":5,"column":45},"end":{"line":5,"column":55},"skip":true}]},"6":{"line":43,"type":"if","locations":[{"start":{"line":43,"column":12},"end":{"line":43,"column":12}},{"start":{"line":43,"column":12},"end":{"line":43,"column":12}}]},"7":{"line":43,"type":"binary-expr","locations":[{"start":{"line":43,"column":16},"end":{"line":43,"column":40}},{"start":{"line":43,"column":44},"end":{"line":43,"column":54}}]}},"l":{"1":1,"2":1,"3":1,"5":1,"6":1,"10":1,"11":1,"12":1,"13":1,"14":1,"15":1,"16":12,"18":1,"19":2,"21":1,"22":1,"24":1,"25":4,"27":1,"28":9,"29":9,"30":9,"31":7,"32":7,"34":1,"38":1,"39":14,"41":1,"42":2,"43":2,"44":0,"46":2,"48":1,"50":1}},
"C:\\github\\pnp\\Libraries\\Core.JavaScript\\output\\collections\\collections.js":{"path":"C:\\github\\pnp\\Libraries\\Core.JavaScript\\output\\collections\\collections.js","s":{"1":1,"2":1,"3":1,"4":1,"5":0,"6":0,"7":0,"8":1,"9":1,"10":20,"11":20,"12":1,"13":23,"14":23,"15":4,"16":19,"17":1,"18":41,"19":41,"20":6,"21":35,"22":35,"23":1,"24":11,"25":23,"26":23,"27":1,"28":9,"29":9,"30":0,"31":9,"32":9,"33":9,"34":9,"35":1,"36":0,"37":1,"38":0,"39":1,"40":0,"41":0,"42":1,"43":0,"44":1,"45":1},"b":{"1":[1,0],"2":[1,1],"3":[0,1],"4":[0,0],"5":[0,0],"6":[4,19],"7":[6,35],"8":[23,0],"9":[0,9]},"f":{"1":1,"2":1,"3":1,"4":20,"5":23,"6":41,"7":11,"8":9,"9":0,"10":0,"11":0,"12":0},"fnMap":{"1":{"name":"(anonymous_1)","line":1,"loc":{"start":{"line":1,"column":1},"end":{"line":1,"column":20}}},"2":{"name":"(anonymous_2)","line":8,"loc":{"start":{"line":8,"column":3},"end":{"line":8,"column":31}}},"3":{"name":"(anonymous_3)","line":10,"loc":{"start":{"line":10,"column":22},"end":{"line":10,"column":34}}},"4":{"name":"Dictionary","line":11,"loc":{"start":{"line":11,"column":8},"end":{"line":11,"column":30}}},"5":{"name":"(anonymous_5)","line":15,"loc":{"start":{"line":15,"column":35},"end":{"line":15,"column":50}}},"6":{"name":"(anonymous_6)","line":22,"loc":{"start":{"line":22,"column":35},"end":{"line":22,"column":53}}},"7":{"name":"(anonymous_7)","line":32,"loc":{"start":{"line":32,"column":37},"end":{"line":32,"column":55}}},"8":{"name":"(anonymous_8)","line":39,"loc":{"start":{"line":39,"column":38},"end":{"line":39,"column":53}}},"9":{"name":"(anonymous_9)","line":50,"loc":{"start":{"line":50,"column":39},"end":{"line":50,"column":51}}},"10":{"name":"(anonymous_10)","line":53,"loc":{"start":{"line":53,"column":41},"end":{"line":53,"column":53}}},"11":{"name":"(anonymous_11)","line":56,"loc":{"start":{"line":56,"column":37},"end":{"line":56,"column":49}}},"12":{"name":"(anonymous_12)","line":60,"loc":{"start":{"line":60,"column":37},"end":{"line":60,"column":49}}}},"statementMap":{"1":{"start":{"line":1,"column":0},"end":{"line":66,"column":3}},"2":{"start":{"line":2,"column":4},"end":{"line":7,"column":5},"skip":true},"3":{"start":{"line":3,"column":8},"end":{"line":3,"column":42},"skip":true},"4":{"start":{"line":3,"column":43},"end":{"line":3,"column":83},"skip":true},"5":{"start":{"line":3,"column":64},"end":{"line":3,"column":83},"skip":true},"6":{"start":{"line":5,"column":9},"end":{"line":7,"column":5},"skip":true},"7":{"start":{"line":6,"column":8},"end":{"line":6,"column":48},"skip":true},"8":{"start":{"line":10,"column":4},"end":{"line":64,"column":9}},"9":{"start":{"line":11,"column":8},"end":{"line":14,"column":9}},"10":{"start":{"line":12,"column":12},"end":{"line":12,"column":27}},"11":{"start":{"line":13,"column":12},"end":{"line":13,"column":29}},"12":{"start":{"line":15,"column":8},"end":{"line":21,"column":10}},"13":{"start":{"line":16,"column":12},"end":{"line":16,"column":47}},"14":{"start":{"line":17,"column":12},"end":{"line":19,"column":13}},"15":{"start":{"line":18,"column":16},"end":{"line":18,"column":28}},"16":{"start":{"line":20,"column":12},"end":{"line":20,"column":38}},"17":{"start":{"line":22,"column":8},"end":{"line":31,"column":10}},"18":{"start":{"line":23,"column":12},"end":{"line":23,"column":47}},"19":{"start":{"line":24,"column":12},"end":{"line":30,"column":13}},"20":{"start":{"line":25,"column":16},"end":{"line":25,"column":39}},"21":{"start":{"line":28,"column":16},"end":{"line":28,"column":36}},"22":{"start":{"line":29,"column":16},"end":{"line":29,"column":36}},"23":{"start":{"line":32,"column":8},"end":{"line":38,"column":10}},"24":{"start":{"line":33,"column":12},"end":{"line":37,"column":13}},"25":{"start":{"line":34,"column":16},"end":{"line":36,"column":17}},"26":{"start":{"line":35,"column":20},"end":{"line":35,"column":47}},"27":{"start":{"line":39,"column":8},"end":{"line":49,"column":10}},"28":{"start":{"line":40,"column":12},"end":{"line":40,"column":47}},"29":{"start":{"line":41,"column":12},"end":{"line":44,"column":13}},"30":{"start":{"line":43,"column":16},"end":{"line":43,"column":28}},"31":{"start":{"line":45,"column":12},"end":{"line":45,"column":41}},"32":{"start":{"line":46,"column":12},"end":{"line":46,"column":39}},"33":{"start":{"line":47,"column":12},"end":{"line":47,"column":41}},"34":{"start":{"line":48,"column":12},"end":{"line":48,"column":23}},"35":{"start":{"line":50,"column":8},"end":{"line":52,"column":10}},"36":{"start":{"line":51,"column":12},"end":{"line":51,"column":29}},"37":{"start":{"line":53,"column":8},"end":{"line":55,"column":10}},"38":{"start":{"line":54,"column":12},"end":{"line":54,"column":31}},"39":{"start":{"line":56,"column":8},"end":{"line":59,"column":10}},"40":{"start":{"line":57,"column":12},"end":{"line":57,"column":27}},"41":{"start":{"line":58,"column":12},"end":{"line":58,"column":29}},"42":{"start":{"line":60,"column":8},"end":{"line":62,"column":10}},"43":{"start":{"line":61,"column":12},"end":{"line":61,"column":36}},"44":{"start":{"line":63,"column":8},"end":{"line":63,"column":26}},"45":{"start":{"line":65,"column":4},"end":{"line":65,"column":36}}},"branchMap":{"1":{"line":2,"type":"if","locations":[{"start":{"line":2,"column":4},"end":{"line":2,"column":4},"skip":true},{"start":{"line":2,"column":4},"end":{"line":2,"column":4},"skip":true}]},"2":{"line":2,"type":"binary-expr","locations":[{"start":{"line":2,"column":8},"end":{"line":2,"column":34},"skip":true},{"start":{"line":2,"column":38},"end":{"line":2,"column":72},"skip":true}]},"3":{"line":3,"type":"if","locations":[{"start":{"line":3,"column":43},"end":{"line":3,"column":43},"skip":true},{"start":{"line":3,"column":43},"end":{"line":3,"column":43},"skip":true}]},"4":{"line":5,"type":"if","locations":[{"start":{"line":5,"column":9},"end":{"line":5,"column":9},"skip":true},{"start":{"line":5,"column":9},"end":{"line":5,"column":9},"skip":true}]},"5":{"line":5,"type":"binary-expr","locations":[{"start":{"line":5,"column":13},"end":{"line":5,"column":41},"skip":true},{"start":{"line":5,"column":45},"end":{"line":5,"column":55},"skip":true}]},"6":{"line":17,"type":"if","locations":[{"start":{"line":17,"column":12},"end":{"line":17,"column":12}},{"start":{"line":17,"column":12},"end":{"line":17,"column":12}}]},"7":{"line":24,"type":"if","locations":[{"start":{"line":24,"column":12},"end":{"line":24,"column":12}},{"start":{"line":24,"column":12},"end":{"line":24,"column":12}}]},"8":{"line":34,"type":"if","locations":[{"start":{"line":34,"column":16},"end":{"line":34,"column":16}},{"start":{"line":34,"column":16},"end":{"line":34,"column":16}}]},"9":{"line":41,"type":"if","locations":[{"start":{"line":41,"column":12},"end":{"line":41,"column":12}},{"start":{"line":41,"column":12},"end":{"line":41,"column":12}}]}},"l":{"1":1,"2":1,"3":1,"5":1,"6":1,"10":1,"11":1,"12":20,"13":20,"15":1,"16":23,"17":23,"18":4,"20":19,"22":1,"23":41,"24":41,"25":6,"28":35,"29":35,"32":1,"33":11,"34":23,"35":23,"39":1,"40":9,"41":9,"43":0,"45":9,"46":9,"47":9,"48":9,"50":1,"51":0,"53":1,"54":0,"56":1,"57":0,"58":0,"60":1,"61":0,"63":1,"65":1}},
"C:\\github\\pnp\\Libraries\\Core.JavaScript\\output\\configuration\\providers\\providers.js":{"path":"C:\\github\\pnp\\Libraries\\Core.JavaScript\\output\\configuration\\providers\\providers.js","s":{"1":1,"2":1,"3":1,"4":1,"5":0,"6":0,"7":0,"8":1,"9":1,"10":1,"11":1},"b":{"1":[1,0],"2":[1,1],"3":[0,1],"4":[0,0],"5":[0,0]},"f":{"1":1,"2":1},"fnMap":{"1":{"name":"(anonymous_1)","line":1,"loc":{"start":{"line":1,"column":1},"end":{"line":1,"column":20}}},"2":{"name":"(anonymous_2)","line":8,"loc":{"start":{"line":8,"column":3},"end":{"line":8,"column":31}}}},"statementMap":{"1":{"start":{"line":1,"column":0},"end":{"line":14,"column":3}},"2":{"start":{"line":2,"column":4},"end":{"line":7,"column":5},"skip":true},"3":{"start":{"line":3,"column":8},"end":{"line":3,"column":42},"skip":true},"4":{"start":{"line":3,"column":43},"end":{"line":3,"column":83},"skip":true},"5":{"start":{"line":3,"column":64},"end":{"line":3,"column":83},"skip":true},"6":{"start":{"line":5,"column":9},"end":{"line":7,"column":5},"skip":true},"7":{"start":{"line":6,"column":8},"end":{"line":6,"column":115},"skip":true},"8":{"start":{"line":10,"column":4},"end":{"line":10,"column":83}},"9":{"start":{"line":11,"column":4},"end":{"line":11,"column":81}},"10":{"start":{"line":12,"column":4},"end":{"line":12,"column":82}},"11":{"start":{"line":13,"column":4},"end":{"line":13,"column":80}}},"branchMap":{"1":{"line":2,"type":"if","locations":[{"start":{"line":2,"column":4},"end":{"line":2,"column":4},"skip":true},{"start":{"line":2,"column":4},"end":{"line":2,"column":4},"skip":true}]},"2":{"line":2,"type":"binary-expr","locations":[{"start":{"line":2,"column":8},"end":{"line":2,"column":34},"skip":true},{"start":{"line":2,"column":38},"end":{"line":2,"column":72},"skip":true}]},"3":{"line":3,"type":"if","locations":[{"start":{"line":3,"column":43},"end":{"line":3,"column":43},"skip":true},{"start":{"line":3,"column":43},"end":{"line":3,"column":43},"skip":true}]},"4":{"line":5,"type":"if","locations":[{"start":{"line":5,"column":9},"end":{"line":5,"column":9},"skip":true},{"start":{"line":5,"column":9},"end":{"line":5,"column":9},"skip":true}]},"5":{"line":5,"type":"binary-expr","locations":[{"start":{"line":5,"column":13},"end":{"line":5,"column":41},"skip":true},{"start":{"line":5,"column":45},"end":{"line":5,"column":55},"skip":true}]}},"l":{"1":1,"2":1,"3":1,"5":1,"6":1,"10":1,"11":1,"12":1,"13":1}},
"C:\\github\\pnp\\Libraries\\Core.JavaScript\\output\\configuration\\providers\\cachingConfigurationProvider.js":{"path":"C:\\github\\pnp\\Libraries\\Core.JavaScript\\output\\configuration\\providers\\cachingConfigurationProvider.js","s":{"1":1,"2":1,"3":1,"4":1,"5":0,"6":0,"7":0,"8":1,"9":1,"10":1,"11":1,"12":5,"13":5,"14":5,"15":1,"16":1,"17":1,"18":6,"19":6,"20":2,"21":4,"22":4,"23":1,"24":1,"25":3,"26":3,"27":3,"28":3,"29":1,"30":1,"31":1,"32":1,"33":0,"34":0,"35":0,"36":1,"37":1,"38":1},"b":{"1":[1,0],"2":[1,1],"3":[0,1],"4":[0,0],"5":[0,0],"6":[4,1],"7":[2,4],"8":[6,6],"9":[1,3],"10":[1,0],"11":[1,1],"12":[0,0],"13":[0,0]},"f":{"1":1,"2":1,"3":1,"4":5,"5":1,"6":6,"7":1,"8":3,"9":1},"fnMap":{"1":{"name":"(anonymous_1)","line":1,"loc":{"start":{"line":1,"column":1},"end":{"line":1,"column":20}}},"2":{"name":"(anonymous_2)","line":8,"loc":{"start":{"line":8,"column":3},"end":{"line":8,"column":31}}},"3":{"name":"(anonymous_3)","line":12,"loc":{"start":{"line":12,"column":40},"end":{"line":12,"column":52}}},"4":{"name":"CachingConfigurationProvider","line":13,"loc":{"start":{"line":13,"column":8},"end":{"line":13,"column":85}}},"5":{"name":"(anonymous_5)","line":18,"loc":{"start":{"line":18,"column":68},"end":{"line":18,"column":80}}},"6":{"name":"(anonymous_6)","line":21,"loc":{"start":{"line":21,"column":66},"end":{"line":21,"column":78}}},"7":{"name":"(anonymous_7)","line":30,"loc":{"start":{"line":30,"column":49},"end":{"line":30,"column":76}}},"8":{"name":"(anonymous_8)","line":36,"loc":{"start":{"line":36,"column":33},"end":{"line":36,"column":59}}},"9":{"name":"(anonymous_9)","line":41,"loc":{"start":{"line":41,"column":64},"end":{"line":41,"column":76}}}},"statementMap":{"1":{"start":{"line":1,"column":0},"end":{"line":55,"column":3}},"2":{"start":{"line":2,"column":4},"end":{"line":7,"column":5},"skip":true},"3":{"start":{"line":3,"column":8},"end":{"line":3,"column":42},"skip":true},"4":{"start":{"line":3,"column":43},"end":{"line":3,"column":83},"skip":true},"5":{"start":{"line":3,"column":64},"end":{"line":3,"column":83},"skip":true},"6":{"start":{"line":5,"column":9},"end":{"line":7,"column":5},"skip":true},"7":{"start":{"line":6,"column":8},"end":{"line":6,"column":86},"skip":true},"8":{"start":{"line":10,"column":4},"end":{"line":10,"column":49}},"9":{"start":{"line":11,"column":4},"end":{"line":11,"column":47}},"10":{"start":{"line":12,"column":4},"end":{"line":52,"column":9}},"11":{"start":{"line":13,"column":8},"end":{"line":17,"column":9}},"12":{"start":{"line":14,"column":12},"end":{"line":14,"column":51}},"13":{"start":{"line":15,"column":12},"end":{"line":15,"column":75}},"14":{"start":{"line":16,"column":12},"end":{"line":16,"column":55}},"15":{"start":{"line":18,"column":8},"end":{"line":20,"column":10}},"16":{"start":{"line":19,"column":12},"end":{"line":19,"column":40}},"17":{"start":{"line":21,"column":8},"end":{"line":40,"column":10}},"18":{"start":{"line":22,"column":12},"end":{"line":22,"column":29}},"19":{"start":{"line":24,"column":12},"end":{"line":26,"column":13}},"20":{"start":{"line":25,"column":16},"end":{"line":25,"column":63}},"21":{"start":{"line":28,"column":12},"end":{"line":28,"column":61}},"22":{"start":{"line":29,"column":12},"end":{"line":33,"column":13}},"23":{"start":{"line":30,"column":16},"end":{"line":32,"column":19}},"24":{"start":{"line":31,"column":20},"end":{"line":31,"column":42}},"25":{"start":{"line":35,"column":12},"end":{"line":35,"column":74}},"26":{"start":{"line":36,"column":12},"end":{"line":38,"column":15}},"27":{"start":{"line":37,"column":16},"end":{"line":37,"column":64}},"28":{"start":{"line":39,"column":12},"end":{"line":39,"column":35}},"29":{"start":{"line":41,"column":8},"end":{"line":50,"column":10}},"30":{"start":{"line":42,"column":12},"end":{"line":42,"column":58}},"31":{"start":{"line":43,"column":12},"end":{"line":45,"column":13}},"32":{"start":{"line":44,"column":16},"end":{"line":44,"column":38}},"33":{"start":{"line":46,"column":12},"end":{"line":48,"column":13}},"34":{"start":{"line":47,"column":16},"end":{"line":47,"column":40}},"35":{"start":{"line":49,"column":12},"end":{"line":49,"column":108}},"36":{"start":{"line":51,"column":8},"end":{"line":51,"column":44}},"37":{"start":{"line":53,"column":4},"end":{"line":53,"column":66}},"38":{"start":{"line":54,"column":4},"end":{"line":54,"column":51}}},"branchMap":{"1":{"line":2,"type":"if","locations":[{"start":{"line":2,"column":4},"end":{"line":2,"column":4},"skip":true},{"start":{"line":2,"column":4},"end":{"line":2,"column":4},"skip":true}]},"2":{"line":2,"type":"binary-expr","locations":[{"start":{"line":2,"column":8},"end":{"line":2,"column":34},"skip":true},{"start":{"line":2,"column":38},"end":{"line":2,"column":72},"skip":true}]},"3":{"line":3,"type":"if","locations":[{"start":{"line":3,"column":43},"end":{"line":3,"column":43},"skip":true},{"start":{"line":3,"column":43},"end":{"line":3,"column":43},"skip":true}]},"4":{"line":5,"type":"if","locations":[{"start":{"line":5,"column":9},"end":{"line":5,"column":9},"skip":true},{"start":{"line":5,"column":9},"end":{"line":5,"column":9},"skip":true}]},"5":{"line":5,"type":"binary-expr","locations":[{"start":{"line":5,"column":13},"end":{"line":5,"column":41},"skip":true},{"start":{"line":5,"column":45},"end":{"line":5,"column":55},"skip":true}]},"6":{"line":15,"type":"cond-expr","locations":[{"start":{"line":15,"column":40},"end":{"line":15,"column":50}},{"start":{"line":15,"column":53},"end":{"line":15,"column":74}}]},"7":{"line":24,"type":"if","locations":[{"start":{"line":24,"column":12},"end":{"line":24,"column":12}},{"start":{"line":24,"column":12},"end":{"line":24,"column":12}}]},"8":{"line":24,"type":"binary-expr","locations":[{"start":{"line":24,"column":17},"end":{"line":24,"column":28}},{"start":{"line":24,"column":34},"end":{"line":24,"column":53}}]},"9":{"line":29,"type":"if","locations":[{"start":{"line":29,"column":12},"end":{"line":29,"column":12}},{"start":{"line":29,"column":12},"end":{"line":29,"column":12}}]},"10":{"line":43,"type":"if","locations":[{"start":{"line":43,"column":12},"end":{"line":43,"column":12}},{"start":{"line":43,"column":12},"end":{"line":43,"column":12}}]},"11":{"line":43,"type":"binary-expr","locations":[{"start":{"line":43,"column":17},"end":{"line":43,"column":31}},{"start":{"line":43,"column":37},"end":{"line":43,"column":59}}]},"12":{"line":46,"type":"if","locations":[{"start":{"line":46,"column":12},"end":{"line":46,"column":12}},{"start":{"line":46,"column":12},"end":{"line":46,"column":12}}]},"13":{"line":46,"type":"binary-expr","locations":[{"start":{"line":46,"column":17},"end":{"line":46,"column":33}},{"start":{"line":46,"column":39},"end":{"line":46,"column":63}}]}},"l":{"1":1,"2":1,"3":1,"5":1,"6":1,"10":1,"11":1,"12":1,"13":1,"14":5,"15":5,"16":5,"18":1,"19":1,"21":1,"22":6,"24":6,"25":2,"28":4,"29":4,"30":1,"31":1,"35":3,"36":3,"37":3,"39":3,"41":1,"42":1,"43":1,"44":1,"46":0,"47":0,"49":0,"51":1,"53":1,"54":1}},
"C:\\github\\pnp\\Libraries\\Core.JavaScript\\output\\utils\\storage.js":{"path":"C:\\github\\pnp\\Libraries\\Core.JavaScript\\output\\utils\\storage.js","s":{"1":1,"2":1,"3":1,"4":1,"5":0,"6":0,"7":0,"8":1,"9":1,"10":1,"11":5,"12":5,"13":5,"14":5,"15":1,"16":5,"17":0,"18":5,"19":5,"20":3,"21":2,"22":2,"23":0,"24":0,"25":2,"26":2,"27":1,"28":3,"29":3,"30":1,"31":0,"32":0,"33":1,"34":0,"35":0,"36":0,"37":0,"38":0,"39":0,"40":0,"41":0,"42":0,"43":1,"44":5,"45":5,"46":5,"47":5,"48":5,"49":0,"50":1,"51":3,"52":3,"53":3,"54":1,"55":1,"56":1,"57":1,"58":1,"59":1,"60":1,"61":1},"b":{"1":[1,0],"2":[1,1],"3":[0,1],"4":[0,0],"5":[0,0],"6":[5,0],"7":[0,5],"8":[3,2],"9":[0,2],"10":[3,0],"11":[0,0],"12":[0,0],"13":[0,0],"14":[0,0],"15":[3,0],"16":[1,0],"17":[0,1]},"f":{"1":1,"2":1,"3":1,"4":5,"5":5,"6":3,"7":0,"8":0,"9":5,"10":3,"11":1,"12":1},"fnMap":{"1":{"name":"(anonymous_1)","line":1,"loc":{"start":{"line":1,"column":1},"end":{"line":1,"column":20}}},"2":{"name":"(anonymous_2)","line":8,"loc":{"start":{"line":8,"column":3},"end":{"line":8,"column":31}}},"3":{"name":"(anonymous_3)","line":15,"loc":{"start":{"line":15,"column":35},"end":{"line":15,"column":47}}},"4":{"name":"PnPClientStorageWrapper","line":19,"loc":{"start":{"line":19,"column":8},"end":{"line":19,"column":71}}},"5":{"name":"(anonymous_5)","line":30,"loc":{"start":{"line":30,"column":48},"end":{"line":30,"column":63}}},"6":{"name":"(anonymous_6)","line":55,"loc":{"start":{"line":55,"column":48},"end":{"line":55,"column":74}}},"7":{"name":"(anonymous_7)","line":65,"loc":{"start":{"line":65,"column":51},"end":{"line":65,"column":66}}},"8":{"name":"(anonymous_8)","line":77,"loc":{"start":{"line":77,"column":53},"end":{"line":77,"column":84}}},"9":{"name":"(anonymous_9)","line":94,"loc":{"start":{"line":94,"column":49},"end":{"line":94,"column":61}}},"10":{"name":"(anonymous_10)","line":108,"loc":{"start":{"line":108,"column":62},"end":{"line":108,"column":83}}},"11":{"name":"(anonymous_11)","line":120,"loc":{"start":{"line":120,"column":28},"end":{"line":120,"column":40}}},"12":{"name":"PnPClientStorage","line":124,"loc":{"start":{"line":124,"column":8},"end":{"line":124,"column":36}}}},"statementMap":{"1":{"start":{"line":1,"column":0},"end":{"line":131,"column":3}},"2":{"start":{"line":2,"column":4},"end":{"line":7,"column":5},"skip":true},"3":{"start":{"line":3,"column":8},"end":{"line":3,"column":42},"skip":true},"4":{"start":{"line":3,"column":43},"end":{"line":3,"column":83},"skip":true},"5":{"start":{"line":3,"column":64},"end":{"line":3,"column":83},"skip":true},"6":{"start":{"line":5,"column":9},"end":{"line":7,"column":5},"skip":true},"7":{"start":{"line":6,"column":8},"end":{"line":6,"column":58},"skip":true},"8":{"start":{"line":10,"column":4},"end":{"line":10,"column":33}},"9":{"start":{"line":15,"column":4},"end":{"line":115,"column":9}},"10":{"start":{"line":19,"column":8},"end":{"line":24,"column":9}},"11":{"start":{"line":20,"column":12},"end":{"line":20,"column":31}},"12":{"start":{"line":21,"column":12},"end":{"line":21,"column":63}},"13":{"start":{"line":22,"column":12},"end":{"line":22,"column":104}},"14":{"start":{"line":23,"column":12},"end":{"line":23,"column":39}},"15":{"start":{"line":30,"column":8},"end":{"line":47,"column":10}},"16":{"start":{"line":31,"column":12},"end":{"line":33,"column":13}},"17":{"start":{"line":32,"column":16},"end":{"line":32,"column":28}},"18":{"start":{"line":34,"column":12},"end":{"line":34,"column":44}},"19":{"start":{"line":35,"column":12},"end":{"line":37,"column":13}},"20":{"start":{"line":36,"column":16},"end":{"line":36,"column":25}},"21":{"start":{"line":38,"column":12},"end":{"line":38,"column":44}},"22":{"start":{"line":39,"column":12},"end":{"line":45,"column":13}},"23":{"start":{"line":40,"column":16},"end":{"line":40,"column":33}},"24":{"start":{"line":41,"column":16},"end":{"line":41,"column":25}},"25":{"start":{"line":44,"column":16},"end":{"line":44,"column":38}},"26":{"start":{"line":46,"column":12},"end":{"line":46,"column":21}},"27":{"start":{"line":55,"column":8},"end":{"line":59,"column":10}},"28":{"start":{"line":56,"column":12},"end":{"line":58,"column":13}},"29":{"start":{"line":57,"column":16},"end":{"line":57,"column":75}},"30":{"start":{"line":65,"column":8},"end":{"line":69,"column":10}},"31":{"start":{"line":66,"column":12},"end":{"line":68,"column":13}},"32":{"start":{"line":67,"column":16},"end":{"line":67,"column":43}},"33":{"start":{"line":77,"column":8},"end":{"line":90,"column":10}},"34":{"start":{"line":78,"column":12},"end":{"line":80,"column":13}},"35":{"start":{"line":79,"column":16},"end":{"line":79,"column":32}},"36":{"start":{"line":81,"column":12},"end":{"line":83,"column":13}},"37":{"start":{"line":82,"column":16},"end":{"line":82,"column":66}},"38":{"start":{"line":84,"column":12},"end":{"line":84,"column":34}},"39":{"start":{"line":85,"column":12},"end":{"line":88,"column":13}},"40":{"start":{"line":86,"column":16},"end":{"line":86,"column":29}},"41":{"start":{"line":87,"column":16},"end":{"line":87,"column":33}},"42":{"start":{"line":89,"column":12},"end":{"line":89,"column":21}},"43":{"start":{"line":94,"column":8},"end":{"line":104,"column":10}},"44":{"start":{"line":95,"column":12},"end":{"line":95,"column":29}},"45":{"start":{"line":96,"column":12},"end":{"line":103,"column":13}},"46":{"start":{"line":97,"column":16},"end":{"line":97,"column":45}},"47":{"start":{"line":98,"column":16},"end":{"line":98,"column":43}},"48":{"start":{"line":99,"column":16},"end":{"line":99,"column":28}},"49":{"start":{"line":102,"column":16},"end":{"line":102,"column":29}},"50":{"start":{"line":108,"column":8},"end":{"line":113,"column":10}},"51":{"start":{"line":109,"column":12},"end":{"line":111,"column":13}},"52":{"start":{"line":110,"column":16},"end":{"line":110,"column":88}},"53":{"start":{"line":112,"column":12},"end":{"line":112,"column":68}},"54":{"start":{"line":114,"column":8},"end":{"line":114,"column":39}},"55":{"start":{"line":116,"column":4},"end":{"line":116,"column":62}},"56":{"start":{"line":120,"column":4},"end":{"line":129,"column":9}},"57":{"start":{"line":124,"column":8},"end":{"line":127,"column":9}},"58":{"start":{"line":125,"column":12},"end":{"line":125,"column":112}},"59":{"start":{"line":126,"column":12},"end":{"line":126,"column":118}},"60":{"start":{"line":128,"column":8},"end":{"line":128,"column":32}},"61":{"start":{"line":130,"column":4},"end":{"line":130,"column":48}}},"branchMap":{"1":{"line":2,"type":"if","locations":[{"start":{"line":2,"column":4},"end":{"line":2,"column":4},"skip":true},{"start":{"line":2,"column":4},"end":{"line":2,"column":4},"skip":true}]},"2":{"line":2,"type":"binary-expr","locations":[{"start":{"line":2,"column":8},"end":{"line":2,"column":34},"skip":true},{"start":{"line":2,"column":38},"end":{"line":2,"column":72},"skip":true}]},"3":{"line":3,"type":"if","locations":[{"start":{"line":3,"column":43},"end":{"line":3,"column":43},"skip":true},{"start":{"line":3,"column":43},"end":{"line":3,"column":43},"skip":true}]},"4":{"line":5,"type":"if","locations":[{"start":{"line":5,"column":9},"end":{"line":5,"column":9},"skip":true},{"start":{"line":5,"column":9},"end":{"line":5,"column":9},"skip":true}]},"5":{"line":5,"type":"binary-expr","locations":[{"start":{"line":5,"column":13},"end":{"line":5,"column":41},"skip":true},{"start":{"line":5,"column":45},"end":{"line":5,"column":55},"skip":true}]},"6":{"line":22,"type":"cond-expr","locations":[{"start":{"line":22,"column":78},"end":{"line":22,"column":79}},{"start":{"line":22,"column":82},"end":{"line":22,"column":103}}]},"7":{"line":31,"type":"if","locations":[{"start":{"line":31,"column":12},"end":{"line":31,"column":12}},{"start":{"line":31,"column":12},"end":{"line":31,"column":12}}]},"8":{"line":35,"type":"if","locations":[{"start":{"line":35,"column":12},"end":{"line":35,"column":12}},{"start":{"line":35,"column":12},"end":{"line":35,"column":12}}]},"9":{"line":39,"type":"if","locations":[{"start":{"line":39,"column":12},"end":{"line":39,"column":12}},{"start":{"line":39,"column":12},"end":{"line":39,"column":12}}]},"10":{"line":56,"type":"if","locations":[{"start":{"line":56,"column":12},"end":{"line":56,"column":12}},{"start":{"line":56,"column":12},"end":{"line":56,"column":12}}]},"11":{"line":66,"type":"if","locations":[{"start":{"line":66,"column":12},"end":{"line":66,"column":12}},{"start":{"line":66,"column":12},"end":{"line":66,"column":12}}]},"12":{"line":78,"type":"if","locations":[{"start":{"line":78,"column":12},"end":{"line":78,"column":12}},{"start":{"line":78,"column":12},"end":{"line":78,"column":12}}]},"13":{"line":81,"type":"if","locations":[{"start":{"line":81,"column":12},"end":{"line":81,"column":12}},{"start":{"line":81,"column":12},"end":{"line":81,"column":12}}]},"14":{"line":85,"type":"if","locations":[{"start":{"line":85,"column":12},"end":{"line":85,"column":12}},{"start":{"line":85,"column":12},"end":{"line":85,"column":12}}]},"15":{"line":109,"type":"if","locations":[{"start":{"line":109,"column":12},"end":{"line":109,"column":12}},{"start":{"line":109,"column":12},"end":{"line":109,"column":12}}]},"16":{"line":125,"type":"cond-expr","locations":[{"start":{"line":125,"column":63},"end":{"line":125,"column":104}},{"start":{"line":125,"column":107},"end":{"line":125,"column":111}}]},"17":{"line":126,"type":"cond-expr","locations":[{"start":{"line":126,"column":67},"end":{"line":126,"column":110}},{"start":{"line":126,"column":113},"end":{"line":126,"column":117}}]}},"l":{"1":1,"2":1,"3":1,"5":1,"6":1,"10":1,"15":1,"19":1,"20":5,"21":5,"22":5,"23":5,"30":1,"31":5,"32":0,"34":5,"35":5,"36":3,"38":2,"39":2,"40":0,"41":0,"44":2,"46":2,"55":1,"56":3,"57":3,"65":1,"66":0,"67":0,"77":1,"78":0,"79":0,"81":0,"82":0,"84":0,"85":0,"86":0,"87":0,"89":0,"94":1,"95":5,"96":5,"97":5,"98":5,"99":5,"102":0,"108":1,"109":3,"110":3,"112":3,"114":1,"116":1,"120":1,"124":1,"125":1,"126":1,"128":1,"130":1}},
"C:\\github\\pnp\\Libraries\\Core.JavaScript\\output\\configuration\\providers\\spListConfigurationProvider.js":{"path":"C:\\github\\pnp\\Libraries\\Core.JavaScript\\output\\configuration\\providers\\spListConfigurationProvider.js","s":{"1":1,"2":1,"3":1,"4":1,"5":0,"6":0,"7":0,"8":1,"9":1,"10":1,"11":1,"12":1,"13":5,"14":3,"15":5,"16":5,"17":1,"18":1,"19":1,"20":2,"21":1,"22":1,"23":1,"24":1,"25":1,"26":1,"27":1,"28":1,"29":2,"30":1,"31":1,"32":1,"33":1,"34":1,"35":1,"36":1},"b":{"1":[1,0],"2":[1,1],"3":[0,1],"4":[0,0],"5":[0,0],"6":[3,2],"7":[1,0]},"f":{"1":1,"2":1,"3":1,"4":5,"5":1,"6":2,"7":1,"8":1,"9":1,"10":2,"11":1},"fnMap":{"1":{"name":"(anonymous_1)","line":1,"loc":{"start":{"line":1,"column":1},"end":{"line":1,"column":20}}},"2":{"name":"(anonymous_2)","line":8,"loc":{"start":{"line":8,"column":3},"end":{"line":8,"column":31}}},"3":{"name":"(anonymous_3)","line":13,"loc":{"start":{"line":13,"column":39},"end":{"line":13,"column":51}}},"4":{"name":"SPListConfigurationProvider","line":14,"loc":{"start":{"line":14,"column":8},"end":{"line":14,"column":64}}},"5":{"name":"(anonymous_5)","line":19,"loc":{"start":{"line":19,"column":58},"end":{"line":19,"column":70}}},"6":{"name":"(anonymous_6)","line":22,"loc":{"start":{"line":22,"column":61},"end":{"line":22,"column":73}}},"7":{"name":"(anonymous_7)","line":25,"loc":{"start":{"line":25,"column":65},"end":{"line":25,"column":77}}},"8":{"name":"(anonymous_8)","line":27,"loc":{"start":{"line":27,"column":45},"end":{"line":27,"column":72}}},"9":{"name":"(anonymous_9)","line":29,"loc":{"start":{"line":29,"column":38},"end":{"line":29,"column":54}}},"10":{"name":"(anonymous_10)","line":32,"loc":{"start":{"line":32,"column":36},"end":{"line":32,"column":49}}},"11":{"name":"(anonymous_11)","line":39,"loc":{"start":{"line":39,"column":58},"end":{"line":39,"column":70}}}},"statementMap":{"1":{"start":{"line":1,"column":0},"end":{"line":47,"column":3}},"2":{"start":{"line":2,"column":4},"end":{"line":7,"column":5},"skip":true},"3":{"start":{"line":3,"column":8},"end":{"line":3,"column":42},"skip":true},"4":{"start":{"line":3,"column":43},"end":{"line":3,"column":83},"skip":true},"5":{"start":{"line":3,"column":64},"end":{"line":3,"column":83},"skip":true},"6":{"start":{"line":5,"column":9},"end":{"line":7,"column":5},"skip":true},"7":{"start":{"line":6,"column":8},"end":{"line":6,"column":117},"skip":true},"8":{"start":{"line":10,"column":4},"end":{"line":10,"column":47}},"9":{"start":{"line":11,"column":4},"end":{"line":11,"column":83}},"10":{"start":{"line":12,"column":4},"end":{"line":12,"column":43}},"11":{"start":{"line":13,"column":4},"end":{"line":44,"column":9}},"12":{"start":{"line":14,"column":8},"end":{"line":18,"column":9}},"13":{"start":{"line":15,"column":12},"end":{"line":15,"column":63}},"14":{"start":{"line":15,"column":40},"end":{"line":15,"column":61}},"15":{"start":{"line":16,"column":12},"end":{"line":16,"column":33}},"16":{"start":{"line":17,"column":12},"end":{"line":17,"column":39}},"17":{"start":{"line":19,"column":8},"end":{"line":21,"column":10}},"18":{"start":{"line":20,"column":12},"end":{"line":20,"column":31}},"19":{"start":{"line":22,"column":8},"end":{"line":24,"column":10}},"20":{"start":{"line":23,"column":12},"end":{"line":23,"column":34}},"21":{"start":{"line":25,"column":8},"end":{"line":38,"column":10}},"22":{"start":{"line":26,"column":12},"end":{"line":26,"column":29}},"23":{"start":{"line":27,"column":12},"end":{"line":37,"column":15}},"24":{"start":{"line":28,"column":16},"end":{"line":28,"column":123}},"25":{"start":{"line":29,"column":16},"end":{"line":36,"column":19}},"26":{"start":{"line":30,"column":20},"end":{"line":30,"column":95}},"27":{"start":{"line":31,"column":20},"end":{"line":31,"column":43}},"28":{"start":{"line":32,"column":20},"end":{"line":34,"column":23}},"29":{"start":{"line":33,"column":24},"end":{"line":33,"column":57}},"30":{"start":{"line":35,"column":20},"end":{"line":35,"column":43}},"31":{"start":{"line":39,"column":8},"end":{"line":42,"column":10}},"32":{"start":{"line":40,"column":12},"end":{"line":40,"column":74}},"33":{"start":{"line":41,"column":12},"end":{"line":41,"column":78}},"34":{"start":{"line":43,"column":8},"end":{"line":43,"column":43}},"35":{"start":{"line":45,"column":4},"end":{"line":45,"column":66}},"36":{"start":{"line":46,"column":4},"end":{"line":46,"column":50}}},"branchMap":{"1":{"line":2,"type":"if","locations":[{"start":{"line":2,"column":4},"end":{"line":2,"column":4},"skip":true},{"start":{"line":2,"column":4},"end":{"line":2,"column":4},"skip":true}]},"2":{"line":2,"type":"binary-expr","locations":[{"start":{"line":2,"column":8},"end":{"line":2,"column":34},"skip":true},{"start":{"line":2,"column":38},"end":{"line":2,"column":72},"skip":true}]},"3":{"line":3,"type":"if","locations":[{"start":{"line":3,"column":43},"end":{"line":3,"column":43},"skip":true},{"start":{"line":3,"column":43},"end":{"line":3,"column":43},"skip":true}]},"4":{"line":5,"type":"if","locations":[{"start":{"line":5,"column":9},"end":{"line":5,"column":9},"skip":true},{"start":{"line":5,"column":9},"end":{"line":5,"column":9},"skip":true}]},"5":{"line":5,"type":"binary-expr","locations":[{"start":{"line":5,"column":13},"end":{"line":5,"column":41},"skip":true},{"start":{"line":5,"column":45},"end":{"line":5,"column":55},"skip":true}]},"6":{"line":15,"type":"if","locations":[{"start":{"line":15,"column":12},"end":{"line":15,"column":12}},{"start":{"line":15,"column":12},"end":{"line":15,"column":12}}]},"7":{"line":30,"type":"cond-expr","locations":[{"start":{"line":30,"column":71},"end":{"line":30,"column":85}},{"start":{"line":30,"column":88},"end":{"line":30,"column":94}}]}},"l":{"1":1,"2":1,"3":1,"5":1,"6":1,"10":1,"11":1,"12":1,"13":1,"14":1,"15":5,"16":5,"17":5,"19":1,"20":1,"22":1,"23":2,"25":1,"26":1,"27":1,"28":1,"29":1,"30":1,"31":1,"32":1,"33":2,"35":1,"39":1,"40":1,"41":1,"43":1,"45":1,"46":1}},
"C:\\github\\pnp\\Libraries\\Core.JavaScript\\output\\utils\\logging.js":{"path":"C:\\github\\pnp\\Libraries\\Core.JavaScript\\output\\utils\\logging.js","s":{"1":1,"2":1,"3":1,"4":1,"5":0,"6":0,"7":0,"8":1,"9":1,"10":1,"11":1,"12":1,"13":1,"14":1,"15":1,"16":1,"17":1,"18":4,"19":1,"20":4,"21":4,"22":4,"23":4,"24":1,"25":5,"26":5,"27":1,"28":1,"29":1,"30":1,"31":1,"32":1,"33":1,"34":2,"35":2,"36":0,"37":2,"38":2,"39":1,"40":1,"41":1,"42":1,"43":1,"44":0,"45":0,"46":0,"47":0,"48":0,"49":0,"50":0,"51":0,"52":1,"53":0,"54":1,"55":1,"56":1,"57":1,"58":0,"59":0,"60":0,"61":1,"62":0,"63":0,"64":0,"65":0,"66":0,"67":0,"68":0,"69":0,"70":0,"71":0,"72":0,"73":1,"74":0,"75":0,"76":0,"77":0,"78":0,"79":1,"80":0,"81":1,"82":1,"83":1,"84":1,"85":5,"86":1,"87":2,"88":1,"89":1},"b":{"1":[1,0],"2":[1,1],"3":[0,1],"4":[0,0],"5":[0,0],"6":[1,1],"7":[1,3],"8":[4,0],"9":[1,0],"10":[0,2],"11":[0,0,0,0],"12":[0,0],"13":[0,0],"14":[0,0],"15":[0,0],"16":[0,0]},"f":{"1":1,"2":1,"3":1,"4":1,"5":4,"6":5,"7":1,"8":1,"9":2,"10":1,"11":0,"12":0,"13":0,"14":1,"15":0,"16":0,"17":0,"18":0,"19":0,"20":0,"21":0,"22":0,"23":1,"24":5,"25":2},"fnMap":{"1":{"name":"(anonymous_1)","line":1,"loc":{"start":{"line":1,"column":1},"end":{"line":1,"column":20}}},"2":{"name":"(anonymous_2)","line":8,"loc":{"start":{"line":8,"column":3},"end":{"line":8,"column":31}}},"3":{"name":"(anonymous_3)","line":15,"loc":{"start":{"line":15,"column":5},"end":{"line":15,"column":25}}},"4":{"name":"(anonymous_4)","line":27,"loc":{"start":{"line":27,"column":18},"end":{"line":27,"column":30}}},"5":{"name":"Logger","line":34,"loc":{"start":{"line":34,"column":8},"end":{"line":34,"column":53}}},"6":{"name":"(anonymous_6)","line":44,"loc":{"start":{"line":44,"column":37},"end":{"line":44,"column":57}}},"7":{"name":"(anonymous_7)","line":51,"loc":{"start":{"line":51,"column":33},"end":{"line":51,"column":45}}},"8":{"name":"(anonymous_8)","line":60,"loc":{"start":{"line":60,"column":33},"end":{"line":60,"column":59}}},"9":{"name":"(anonymous_9)","line":69,"loc":{"start":{"line":69,"column":31},"end":{"line":69,"column":48}}},"10":{"name":"(anonymous_10)","line":85,"loc":{"start":{"line":85,"column":27},"end":{"line":85,"column":39}}},"11":{"name":"ConsoleListener","line":86,"loc":{"start":{"line":86,"column":8},"end":{"line":86,"column":35}}},"12":{"name":"(anonymous_12)","line":93,"loc":{"start":{"line":93,"column":40},"end":{"line":93,"column":57}}},"13":{"name":"(anonymous_13)","line":113,"loc":{"start":{"line":113,"column":43},"end":{"line":113,"column":60}}},"14":{"name":"(anonymous_14)","line":124,"loc":{"start":{"line":124,"column":33},"end":{"line":124,"column":45}}},"15":{"name":"AzureInsightsListener","line":130,"loc":{"start":{"line":130,"column":8},"end":{"line":130,"column":72}}},"16":{"name":"(anonymous_16)","line":133,"loc":{"start":{"line":133,"column":55},"end":{"line":133,"column":73}}},"17":{"name":"r","line":134,"loc":{"start":{"line":134,"column":16},"end":{"line":134,"column":35}}},"18":{"name":"(anonymous_18)","line":135,"loc":{"start":{"line":135,"column":32},"end":{"line":135,"column":44}}},"19":{"name":"(anonymous_19)","line":137,"loc":{"start":{"line":137,"column":37},"end":{"line":137,"column":49}}},"20":{"name":"(anonymous_20)","line":144,"loc":{"start":{"line":144,"column":173},"end":{"line":144,"column":203}}},"21":{"name":"(anonymous_21)","line":158,"loc":{"start":{"line":158,"column":46},"end":{"line":158,"column":63}}},"22":{"name":"(anonymous_22)","line":173,"loc":{"start":{"line":173,"column":49},"end":{"line":173,"column":66}}},"23":{"name":"(anonymous_23)","line":184,"loc":{"start":{"line":184,"column":28},"end":{"line":184,"column":40}}},"24":{"name":"FunctionListener","line":190,"loc":{"start":{"line":190,"column":8},"end":{"line":190,"column":42}}},"25":{"name":"(anonymous_25)","line":198,"loc":{"start":{"line":198,"column":41},"end":{"line":198,"column":58}}}},"statementMap":{"1":{"start":{"line":1,"column":0},"end":{"line":204,"column":3}},"2":{"start":{"line":2,"column":4},"end":{"line":7,"column":5},"skip":true},"3":{"start":{"line":3,"column":8},"end":{"line":3,"column":42},"skip":true},"4":{"start":{"line":3,"column":43},"end":{"line":3,"column":83},"skip":true},"5":{"start":{"line":3,"column":64},"end":{"line":3,"column":83},"skip":true},"6":{"start":{"line":5,"column":9},"end":{"line":7,"column":5},"skip":true},"7":{"start":{"line":6,"column":8},"end":{"line":6,"column":58},"skip":true},"8":{"start":{"line":10,"column":4},"end":{"line":10,"column":33}},"9":{"start":{"line":15,"column":4},"end":{"line":21,"column":52}},"10":{"start":{"line":16,"column":8},"end":{"line":16,"column":54}},"11":{"start":{"line":17,"column":8},"end":{"line":17,"column":48}},"12":{"start":{"line":18,"column":8},"end":{"line":18,"column":54}},"13":{"start":{"line":19,"column":8},"end":{"line":19,"column":50}},"14":{"start":{"line":20,"column":8},"end":{"line":20,"column":47}},"15":{"start":{"line":22,"column":4},"end":{"line":22,"column":36}},"16":{"start":{"line":27,"column":4},"end":{"line":79,"column":9}},"17":{"start":{"line":34,"column":8},"end":{"line":39,"column":9}},"18":{"start":{"line":35,"column":12},"end":{"line":35,"column":81}},"19":{"start":{"line":35,"column":45},"end":{"line":35,"column":79}},"20":{"start":{"line":36,"column":12},"end":{"line":36,"column":61}},"21":{"start":{"line":36,"column":42},"end":{"line":36,"column":59}},"22":{"start":{"line":37,"column":12},"end":{"line":37,"column":49}},"23":{"start":{"line":38,"column":12},"end":{"line":38,"column":43}},"24":{"start":{"line":44,"column":8},"end":{"line":47,"column":10}},"25":{"start":{"line":45,"column":12},"end":{"line":45,"column":52}},"26":{"start":{"line":46,"column":12},"end":{"line":46,"column":44}},"27":{"start":{"line":51,"column":8},"end":{"line":53,"column":10}},"28":{"start":{"line":52,"column":12},"end":{"line":52,"column":43}},"29":{"start":{"line":60,"column":8},"end":{"line":63,"column":10}},"30":{"start":{"line":61,"column":12},"end":{"line":61,"column":63}},"31":{"start":{"line":61,"column":36},"end":{"line":61,"column":61}},"32":{"start":{"line":62,"column":12},"end":{"line":62,"column":57}},"33":{"start":{"line":69,"column":8},"end":{"line":77,"column":10}},"34":{"start":{"line":70,"column":12},"end":{"line":70,"column":46}},"35":{"start":{"line":71,"column":12},"end":{"line":73,"column":13}},"36":{"start":{"line":72,"column":16},"end":{"line":72,"column":23}},"37":{"start":{"line":74,"column":12},"end":{"line":76,"column":13}},"38":{"start":{"line":75,"column":16},"end":{"line":75,"column":47}},"39":{"start":{"line":78,"column":8},"end":{"line":78,"column":22}},"40":{"start":{"line":80,"column":4},"end":{"line":80,"column":28}},"41":{"start":{"line":85,"column":4},"end":{"line":117,"column":9}},"42":{"start":{"line":86,"column":8},"end":{"line":87,"column":9}},"43":{"start":{"line":93,"column":8},"end":{"line":107,"column":10}},"44":{"start":{"line":94,"column":12},"end":{"line":94,"column":41}},"45":{"start":{"line":95,"column":12},"end":{"line":106,"column":13}},"46":{"start":{"line":98,"column":20},"end":{"line":98,"column":37}},"47":{"start":{"line":99,"column":20},"end":{"line":99,"column":26}},"48":{"start":{"line":101,"column":20},"end":{"line":101,"column":38}},"49":{"start":{"line":102,"column":20},"end":{"line":102,"column":26}},"50":{"start":{"line":104,"column":20},"end":{"line":104,"column":39}},"51":{"start":{"line":105,"column":20},"end":{"line":105,"column":26}},"52":{"start":{"line":113,"column":8},"end":{"line":115,"column":10}},"53":{"start":{"line":114,"column":12},"end":{"line":114,"column":89}},"54":{"start":{"line":116,"column":8},"end":{"line":116,"column":31}},"55":{"start":{"line":118,"column":4},"end":{"line":118,"column":46}},"56":{"start":{"line":124,"column":4},"end":{"line":177,"column":9}},"57":{"start":{"line":130,"column":8},"end":{"line":152,"column":9}},"58":{"start":{"line":131,"column":12},"end":{"line":131,"column":83}},"59":{"start":{"line":132,"column":12},"end":{"line":132,"column":105}},"60":{"start":{"line":133,"column":12},"end":{"line":150,"column":15}},"61":{"start":{"line":134,"column":16},"end":{"line":139,"column":17}},"62":{"start":{"line":135,"column":20},"end":{"line":138,"column":22}},"63":{"start":{"line":136,"column":24},"end":{"line":136,"column":42}},"64":{"start":{"line":137,"column":24},"end":{"line":137,"column":77}},"65":{"start":{"line":137,"column":51},"end":{"line":137,"column":73}},"66":{"start":{"line":140,"column":16},"end":{"line":140,"column":113}},"67":{"start":{"line":141,"column":16},"end":{"line":143,"column":17}},"68":{"start":{"line":142,"column":20},"end":{"line":142,"column":41}},"69":{"start":{"line":144,"column":16},"end":{"line":147,"column":22}},"70":{"start":{"line":145,"column":20},"end":{"line":145,"column":55}},"71":{"start":{"line":146,"column":20},"end":{"line":146,"column":73}},"72":{"start":{"line":151,"column":12},"end":{"line":151,"column":48}},"73":{"start":{"line":158,"column":8},"end":{"line":167,"column":10}},"74":{"start":{"line":159,"column":12},"end":{"line":159,"column":43}},"75":{"start":{"line":160,"column":12},"end":{"line":160,"column":41}},"76":{"start":{"line":161,"column":12},"end":{"line":166,"column":13}},"77":{"start":{"line":162,"column":16},"end":{"line":162,"column":39}},"78":{"start":{"line":165,"column":16},"end":{"line":165,"column":35}},"79":{"start":{"line":173,"column":8},"end":{"line":175,"column":10}},"80":{"start":{"line":174,"column":12},"end":{"line":174,"column":89}},"81":{"start":{"line":176,"column":8},"end":{"line":176,"column":37}},"82":{"start":{"line":178,"column":4},"end":{"line":178,"column":58}},"83":{"start":{"line":184,"column":4},"end":{"line":202,"column":9}},"84":{"start":{"line":190,"column":8},"end":{"line":192,"column":9}},"85":{"start":{"line":191,"column":12},"end":{"line":191,"column":33}},"86":{"start":{"line":198,"column":8},"end":{"line":200,"column":10}},"87":{"start":{"line":199,"column":12},"end":{"line":199,"column":31}},"88":{"start":{"line":201,"column":8},"end":{"line":201,"column":32}},"89":{"start":{"line":203,"column":4},"end":{"line":203,"column":48}}},"branchMap":{"1":{"line":2,"type":"if","locations":[{"start":{"line":2,"column":4},"end":{"line":2,"column":4},"skip":true},{"start":{"line":2,"column":4},"end":{"line":2,"column":4},"skip":true}]},"2":{"line":2,"type":"binary-expr","locations":[{"start":{"line":2,"column":8},"end":{"line":2,"column":34},"skip":true},{"start":{"line":2,"column":38},"end":{"line":2,"column":72},"skip":true}]},"3":{"line":3,"type":"if","locations":[{"start":{"line":3,"column":43},"end":{"line":3,"column":43},"skip":true},{"start":{"line":3,"column":43},"end":{"line":3,"column":43},"skip":true}]},"4":{"line":5,"type":"if","locations":[{"start":{"line":5,"column":9},"end":{"line":5,"column":9},"skip":true},{"start":{"line":5,"column":9},"end":{"line":5,"column":9},"skip":true}]},"5":{"line":5,"type":"binary-expr","locations":[{"start":{"line":5,"column":13},"end":{"line":5,"column":41},"skip":true},{"start":{"line":5,"column":45},"end":{"line":5,"column":55},"skip":true}]},"6":{"line":21,"type":"binary-expr","locations":[{"start":{"line":21,"column":7},"end":{"line":21,"column":23}},{"start":{"line":21,"column":28},"end":{"line":21,"column":49}}]},"7":{"line":35,"type":"if","locations":[{"start":{"line":35,"column":12},"end":{"line":35,"column":12}},{"start":{"line":35,"column":12},"end":{"line":35,"column":12}}]},"8":{"line":36,"type":"if","locations":[{"start":{"line":36,"column":12},"end":{"line":36,"column":12}},{"start":{"line":36,"column":12},"end":{"line":36,"column":12}}]},"9":{"line":61,"type":"if","locations":[{"start":{"line":61,"column":12},"end":{"line":61,"column":12}},{"start":{"line":61,"column":12},"end":{"line":61,"column":12}}]},"10":{"line":71,"type":"if","locations":[{"start":{"line":71,"column":12},"end":{"line":71,"column":12}},{"start":{"line":71,"column":12},"end":{"line":71,"column":12}}]},"11":{"line":95,"type":"switch","locations":[{"start":{"line":96,"column":16},"end":{"line":96,"column":38}},{"start":{"line":97,"column":16},"end":{"line":99,"column":26}},{"start":{"line":100,"column":16},"end":{"line":102,"column":26}},{"start":{"line":103,"column":16},"end":{"line":105,"column":26}}]},"12":{"line":133,"type":"binary-expr","locations":[{"start":{"line":133,"column":30},"end":{"line":133,"column":51}},{"start":{"line":133,"column":55},"end":{"line":150,"column":14}}]},"13":{"line":144,"type":"binary-expr","locations":[{"start":{"line":144,"column":93},"end":{"line":144,"column":124}},{"start":{"line":144,"column":129},"end":{"line":147,"column":17}}]},"14":{"line":145,"type":"binary-expr","locations":[{"start":{"line":145,"column":28},"end":{"line":145,"column":29}},{"start":{"line":145,"column":33},"end":{"line":145,"column":54}}]},"15":{"line":146,"type":"binary-expr","locations":[{"start":{"line":146,"column":27},"end":{"line":146,"column":35}},{"start":{"line":146,"column":39},"end":{"line":146,"column":69}}]},"16":{"line":161,"type":"if","locations":[{"start":{"line":161,"column":12},"end":{"line":161,"column":12}},{"start":{"line":161,"column":12},"end":{"line":161,"column":12}}]}},"l":{"1":1,"2":1,"3":1,"5":1,"6":1,"10":1,"15":1,"16":1,"17":1,"18":1,"19":1,"20":1,"22":1,"27":1,"34":1,"35":4,"36":4,"37":4,"38":4,"44":1,"45":5,"46":5,"51":1,"52":1,"60":1,"61":1,"62":1,"69":1,"70":2,"71":2,"72":0,"74":2,"75":2,"78":1,"80":1,"85":1,"86":1,"93":1,"94":0,"95":0,"98":0,"99":0,"101":0,"102":0,"104":0,"105":0,"113":1,"114":0,"116":1,"118":1,"124":1,"130":1,"131":0,"132":0,"133":0,"134":1,"135":0,"136":0,"137":0,"140":0,"141":0,"142":0,"144":0,"145":0,"146":0,"151":0,"158":1,"159":0,"160":0,"161":0,"162":0,"165":0,"173":1,"174":0,"176":1,"178":1,"184":1,"190":1,"191":5,"198":1,"199":2,"201":1,"203":1}},
"C:\\github\\pnp\\Libraries\\Core.JavaScript\\output\\utils\\args.js":{"path":"C:\\github\\pnp\\Libraries\\Core.JavaScript\\output\\utils\\args.js","s":{"1":1,"2":1,"3":1,"4":1,"5":0,"6":0,"7":0,"8":1,"9":1,"10":3,"11":2,"12":1,"13":1,"14":9,"15":1,"16":1},"b":{"1":[1,0],"2":[1,1],"3":[0,1],"4":[0,0],"5":[0,0],"6":[2,1],"7":[1,8],"8":[9,9]},"f":{"1":1,"2":1,"3":3,"4":9},"fnMap":{"1":{"name":"(anonymous_1)","line":1,"loc":{"start":{"line":1,"column":1},"end":{"line":1,"column":20}}},"2":{"name":"(anonymous_2)","line":8,"loc":{"start":{"line":8,"column":3},"end":{"line":8,"column":31}}},"3":{"name":"stringIsNullOrEmpty","line":17,"loc":{"start":{"line":17,"column":4},"end":{"line":17,"column":55}}},"4":{"name":"objectIsNull","line":29,"loc":{"start":{"line":29,"column":4},"end":{"line":29,"column":48}}}},"statementMap":{"1":{"start":{"line":1,"column":0},"end":{"line":35,"column":3}},"2":{"start":{"line":2,"column":4},"end":{"line":7,"column":5},"skip":true},"3":{"start":{"line":3,"column":8},"end":{"line":3,"column":42},"skip":true},"4":{"start":{"line":3,"column":43},"end":{"line":3,"column":83},"skip":true},"5":{"start":{"line":3,"column":64},"end":{"line":3,"column":83},"skip":true},"6":{"start":{"line":5,"column":9},"end":{"line":7,"column":5},"skip":true},"7":{"start":{"line":6,"column":8},"end":{"line":6,"column":58},"skip":true},"8":{"start":{"line":10,"column":4},"end":{"line":10,"column":33}},"9":{"start":{"line":17,"column":4},"end":{"line":21,"column":5}},"10":{"start":{"line":18,"column":8},"end":{"line":20,"column":9}},"11":{"start":{"line":19,"column":12},"end":{"line":19,"column":79}},"12":{"start":{"line":22,"column":4},"end":{"line":22,"column":54}},"13":{"start":{"line":29,"column":4},"end":{"line":33,"column":5}},"14":{"start":{"line":30,"column":8},"end":{"line":32,"column":9}},"15":{"start":{"line":31,"column":12},"end":{"line":31,"column":70}},"16":{"start":{"line":34,"column":4},"end":{"line":34,"column":40}}},"branchMap":{"1":{"line":2,"type":"if","locations":[{"start":{"line":2,"column":4},"end":{"line":2,"column":4},"skip":true},{"start":{"line":2,"column":4},"end":{"line":2,"column":4},"skip":true}]},"2":{"line":2,"type":"binary-expr","locations":[{"start":{"line":2,"column":8},"end":{"line":2,"column":34},"skip":true},{"start":{"line":2,"column":38},"end":{"line":2,"column":72},"skip":true}]},"3":{"line":3,"type":"if","locations":[{"start":{"line":3,"column":43},"end":{"line":3,"column":43},"skip":true},{"start":{"line":3,"column":43},"end":{"line":3,"column":43},"skip":true}]},"4":{"line":5,"type":"if","locations":[{"start":{"line":5,"column":9},"end":{"line":5,"column":9},"skip":true},{"start":{"line":5,"column":9},"end":{"line":5,"column":9},"skip":true}]},"5":{"line":5,"type":"binary-expr","locations":[{"start":{"line":5,"column":13},"end":{"line":5,"column":41},"skip":true},{"start":{"line":5,"column":45},"end":{"line":5,"column":55},"skip":true}]},"6":{"line":18,"type":"if","locations":[{"start":{"line":18,"column":8},"end":{"line":18,"column":8}},{"start":{"line":18,"column":8},"end":{"line":18,"column":8}}]},"7":{"line":30,"type":"if","locations":[{"start":{"line":30,"column":8},"end":{"line":30,"column":8}},{"start":{"line":30,"column":8},"end":{"line":30,"column":8}}]},"8":{"line":30,"type":"binary-expr","locations":[{"start":{"line":30,"column":12},"end":{"line":30,"column":40}},{"start":{"line":30,"column":44},"end":{"line":30,"column":58}}]}},"l":{"1":1,"2":1,"3":1,"5":1,"6":1,"10":1,"17":1,"18":3,"19":2,"22":1,"29":1,"30":9,"31":1,"34":1}},
"C:\\github\\pnp\\Libraries\\Core.JavaScript\\output\\utils\\util.js":{"path":"C:\\github\\pnp\\Libraries\\Core.JavaScript\\output\\utils\\util.js","s":{"1":1,"2":1,"3":1,"4":1,"5":0,"6":0,"7":0,"8":1,"9":1,"10":1,"11":1,"12":1,"13":1,"14":1,"15":1,"16":0,"17":0,"18":0,"19":1,"20":1,"21":0,"22":0,"23":0,"24":0,"25":1,"26":1,"27":0,"28":0,"29":0,"30":1,"31":1,"32":1,"33":1,"34":0,"35":1,"36":1,"37":2,"38":2,"39":1,"40":1,"41":0,"42":0,"43":0,"44":0,"45":0,"46":0,"47":0,"48":0,"49":0,"50":0,"51":1,"52":1,"53":0,"54":0,"55":0,"56":0,"57":2,"58":1,"59":1,"60":0,"61":0,"62":0,"63":0,"64":0,"65":0,"66":0,"67":0,"68":0,"69":1,"70":1,"71":2,"72":2,"73":6,"74":2,"75":2,"76":6,"77":2,"78":1,"79":1,"80":2,"81":2,"82":2,"83":32,"84":2,"85":1,"86":1,"87":1,"88":1,"89":31,"90":31,"91":31,"92":1,"93":1,"94":1,"95":2,"96":1,"97":1,"98":3,"99":1},"b":{"1":[1,0],"2":[1,1],"3":[0,1],"4":[0,0],"5":[0,0],"6":[0,0],"7":[0,0],"8":[1,0],"9":[1,0,0,0,0,0,1,0,0],"10":[0,0],"11":[0,0],"12":[30,1],"13":[3,3,2]},"f":{"1":1,"2":1,"3":1,"4":1,"5":0,"6":0,"7":0,"8":1,"9":2,"10":0,"11":2,"12":2,"13":1,"14":31,"15":2,"16":3},"fnMap":{"1":{"name":"(anonymous_1)","line":1,"loc":{"start":{"line":1,"column":1},"end":{"line":1,"column":20}}},"2":{"name":"(anonymous_2)","line":8,"loc":{"start":{"line":8,"column":3},"end":{"line":8,"column":31}}},"3":{"name":"getCtxCallback","line":17,"loc":{"start":{"line":17,"column":4},"end":{"line":17,"column":45}}},"4":{"name":"(anonymous_4)","line":22,"loc":{"start":{"line":22,"column":15},"end":{"line":22,"column":27}}},"5":{"name":"urlParamExists","line":32,"loc":{"start":{"line":32,"column":4},"end":{"line":32,"column":34}}},"6":{"name":"getUrlParamByName","line":43,"loc":{"start":{"line":43,"column":4},"end":{"line":43,"column":37}}},"7":{"name":"getUrlParamBoolByName","line":55,"loc":{"start":{"line":55,"column":4},"end":{"line":55,"column":41}}},"8":{"name":"stringInsert","line":68,"loc":{"start":{"line":68,"column":4},"end":{"line":68,"column":44}}},"9":{"name":"dateAdd","line":84,"loc":{"start":{"line":84,"column":4},"end":{"line":84,"column":44}}},"10":{"name":"loadStylesheet","line":124,"loc":{"start":{"line":124,"column":4},"end":{"line":124,"column":46}}},"11":{"name":"combinePaths","line":143,"loc":{"start":{"line":143,"column":4},"end":{"line":143,"column":28}}},"12":{"name":"getRandomString","line":160,"loc":{"start":{"line":160,"column":4},"end":{"line":160,"column":36}}},"13":{"name":"getGUID","line":174,"loc":{"start":{"line":174,"column":4},"end":{"line":174,"column":23}}},"14":{"name":"(anonymous_14)","line":176,"loc":{"start":{"line":176,"column":75},"end":{"line":176,"column":88}}},"15":{"name":"isFunction","line":189,"loc":{"start":{"line":189,"column":4},"end":{"line":189,"column":43}}},"16":{"name":"stringIsNullOrEmpty","line":198,"loc":{"start":{"line":198,"column":4},"end":{"line":198,"column":36}}}},"statementMap":{"1":{"start":{"line":1,"column":0},"end":{"line":202,"column":3}},"2":{"start":{"line":2,"column":4},"end":{"line":7,"column":5},"skip":true},"3":{"start":{"line":3,"column":8},"end":{"line":3,"column":42},"skip":true},"4":{"start":{"line":3,"column":43},"end":{"line":3,"column":83},"skip":true},"5":{"start":{"line":3,"column":64},"end":{"line":3,"column":83},"skip":true},"6":{"start":{"line":5,"column":9},"end":{"line":7,"column":5},"skip":true},"7":{"start":{"line":6,"column":8},"end":{"line":6,"column":48},"skip":true},"8":{"start":{"line":17,"column":4},"end":{"line":25,"column":5}},"9":{"start":{"line":18,"column":8},"end":{"line":18,"column":24}},"10":{"start":{"line":19,"column":8},"end":{"line":21,"column":9}},"11":{"start":{"line":20,"column":12},"end":{"line":20,"column":43}},"12":{"start":{"line":22,"column":8},"end":{"line":24,"column":10}},"13":{"start":{"line":23,"column":12},"end":{"line":23,"column":42}},"14":{"start":{"line":26,"column":4},"end":{"line":26,"column":44}},"15":{"start":{"line":32,"column":4},"end":{"line":36,"column":5}},"16":{"start":{"line":33,"column":8},"end":{"line":33,"column":66}},"17":{"start":{"line":34,"column":8},"end":{"line":34,"column":62}},"18":{"start":{"line":35,"column":8},"end":{"line":35,"column":43}},"19":{"start":{"line":37,"column":4},"end":{"line":37,"column":44}},"20":{"start":{"line":43,"column":4},"end":{"line":48,"column":5}},"21":{"start":{"line":44,"column":8},"end":{"line":44,"column":66}},"22":{"start":{"line":45,"column":8},"end":{"line":45,"column":62}},"23":{"start":{"line":46,"column":8},"end":{"line":46,"column":50}},"24":{"start":{"line":47,"column":8},"end":{"line":47,"column":89}},"25":{"start":{"line":49,"column":4},"end":{"line":49,"column":50}},"26":{"start":{"line":55,"column":4},"end":{"line":59,"column":5}},"27":{"start":{"line":56,"column":8},"end":{"line":56,"column":40}},"28":{"start":{"line":57,"column":8},"end":{"line":57,"column":55}},"29":{"start":{"line":58,"column":8},"end":{"line":58,"column":24}},"30":{"start":{"line":60,"column":4},"end":{"line":60,"column":58}},"31":{"start":{"line":68,"column":4},"end":{"line":73,"column":5}},"32":{"start":{"line":69,"column":8},"end":{"line":71,"column":9}},"33":{"start":{"line":70,"column":12},"end":{"line":70,"column":91}},"34":{"start":{"line":72,"column":8},"end":{"line":72,"column":26}},"35":{"start":{"line":74,"column":4},"end":{"line":74,"column":40}},"36":{"start":{"line":84,"column":4},"end":{"line":116,"column":5}},"37":{"start":{"line":85,"column":8},"end":{"line":85,"column":50}},"38":{"start":{"line":86,"column":8},"end":{"line":114,"column":9}},"39":{"start":{"line":88,"column":16},"end":{"line":88,"column":59}},"40":{"start":{"line":89,"column":16},"end":{"line":89,"column":22}},"41":{"start":{"line":91,"column":16},"end":{"line":91,"column":57}},"42":{"start":{"line":92,"column":16},"end":{"line":92,"column":22}},"43":{"start":{"line":94,"column":16},"end":{"line":94,"column":53}},"44":{"start":{"line":95,"column":16},"end":{"line":95,"column":22}},"45":{"start":{"line":97,"column":16},"end":{"line":97,"column":55}},"46":{"start":{"line":98,"column":16},"end":{"line":98,"column":22}},"47":{"start":{"line":100,"column":16},"end":{"line":100,"column":51}},"48":{"start":{"line":101,"column":16},"end":{"line":101,"column":22}},"49":{"start":{"line":103,"column":16},"end":{"line":103,"column":61}},"50":{"start":{"line":104,"column":16},"end":{"line":104,"column":22}},"51":{"start":{"line":106,"column":16},"end":{"line":106,"column":59}},"52":{"start":{"line":107,"column":16},"end":{"line":107,"column":22}},"53":{"start":{"line":109,"column":16},"end":{"line":109,"column":58}},"54":{"start":{"line":110,"column":16},"end":{"line":110,"column":22}},"55":{"start":{"line":112,"column":16},"end":{"line":112,"column":32}},"56":{"start":{"line":113,"column":16},"end":{"line":113,"column":22}},"57":{"start":{"line":115,"column":8},"end":{"line":115,"column":19}},"58":{"start":{"line":117,"column":4},"end":{"line":117,"column":30}},"59":{"start":{"line":124,"column":4},"end":{"line":136,"column":5}},"60":{"start":{"line":125,"column":8},"end":{"line":127,"column":9}},"61":{"start":{"line":126,"column":12},"end":{"line":126,"column":80}},"62":{"start":{"line":128,"column":8},"end":{"line":128,"column":57}},"63":{"start":{"line":129,"column":8},"end":{"line":135,"column":9}},"64":{"start":{"line":130,"column":12},"end":{"line":130,"column":51}},"65":{"start":{"line":131,"column":12},"end":{"line":131,"column":35}},"66":{"start":{"line":132,"column":12},"end":{"line":132,"column":47}},"67":{"start":{"line":133,"column":12},"end":{"line":133,"column":48}},"68":{"start":{"line":134,"column":12},"end":{"line":134,"column":41}},"69":{"start":{"line":137,"column":4},"end":{"line":137,"column":44}},"70":{"start":{"line":143,"column":4},"end":{"line":153,"column":5}},"71":{"start":{"line":144,"column":8},"end":{"line":144,"column":23}},"72":{"start":{"line":145,"column":8},"end":{"line":147,"column":9}},"73":{"start":{"line":146,"column":12},"end":{"line":146,"column":42}},"74":{"start":{"line":148,"column":8},"end":{"line":148,"column":23}},"75":{"start":{"line":149,"column":8},"end":{"line":151,"column":9}},"76":{"start":{"line":150,"column":12},"end":{"line":150,"column":85}},"77":{"start":{"line":152,"column":8},"end":{"line":152,"column":50}},"78":{"start":{"line":154,"column":4},"end":{"line":154,"column":40}},"79":{"start":{"line":160,"column":4},"end":{"line":167,"column":5}},"80":{"start":{"line":161,"column":8},"end":{"line":161,"column":22}},"81":{"start":{"line":162,"column":8},"end":{"line":162,"column":88}},"82":{"start":{"line":163,"column":8},"end":{"line":165,"column":9}},"83":{"start":{"line":164,"column":12},"end":{"line":164,"column":81}},"84":{"start":{"line":166,"column":8},"end":{"line":166,"column":20}},"85":{"start":{"line":168,"column":4},"end":{"line":168,"column":46}},"86":{"start":{"line":174,"column":4},"end":{"line":182,"column":5}},"87":{"start":{"line":175,"column":8},"end":{"line":175,"column":37}},"88":{"start":{"line":176,"column":8},"end":{"line":180,"column":11}},"89":{"start":{"line":177,"column":12},"end":{"line":177,"column":54}},"90":{"start":{"line":178,"column":12},"end":{"line":178,"column":35}},"91":{"start":{"line":179,"column":12},"end":{"line":179,"column":66}},"92":{"start":{"line":181,"column":8},"end":{"line":181,"column":20}},"93":{"start":{"line":183,"column":4},"end":{"line":183,"column":30}},"94":{"start":{"line":189,"column":4},"end":{"line":191,"column":5}},"95":{"start":{"line":190,"column":8},"end":{"line":190,"column":55}},"96":{"start":{"line":192,"column":4},"end":{"line":192,"column":36}},"97":{"start":{"line":198,"column":4},"end":{"line":200,"column":5}},"98":{"start":{"line":199,"column":8},"end":{"line":199,"column":66}},"99":{"start":{"line":201,"column":4},"end":{"line":201,"column":54}}},"branchMap":{"1":{"line":2,"type":"if","locations":[{"start":{"line":2,"column":4},"end":{"line":2,"column":4},"skip":true},{"start":{"line":2,"column":4},"end":{"line":2,"column":4},"skip":true}]},"2":{"line":2,"type":"binary-expr","locations":[{"start":{"line":2,"column":8},"end":{"line":2,"column":34},"skip":true},{"start":{"line":2,"column":38},"end":{"line":2,"column":72},"skip":true}]},"3":{"line":3,"type":"if","locations":[{"start":{"line":3,"column":43},"end":{"line":3,"column":43},"skip":true},{"start":{"line":3,"column":43},"end":{"line":3,"column":43},"skip":true}]},"4":{"line":5,"type":"if","locations":[{"start":{"line":5,"column":9},"end":{"line":5,"column":9},"skip":true},{"start":{"line":5,"column":9},"end":{"line":5,"column":9},"skip":true}]},"5":{"line":5,"type":"binary-expr","locations":[{"start":{"line":5,"column":13},"end":{"line":5,"column":41},"skip":true},{"start":{"line":5,"column":45},"end":{"line":5,"column":55},"skip":true}]},"6":{"line":47,"type":"cond-expr","locations":[{"start":{"line":47,"column":33},"end":{"line":47,"column":35}},{"start":{"line":47,"column":38},"end":{"line":47,"column":88}}]},"7":{"line":57,"type":"binary-expr","locations":[{"start":{"line":57,"column":23},"end":{"line":57,"column":31}},{"start":{"line":57,"column":35},"end":{"line":57,"column":53}}]},"8":{"line":69,"type":"if","locations":[{"start":{"line":69,"column":8},"end":{"line":69,"column":8}},{"start":{"line":69,"column":8},"end":{"line":69,"column":8}}]},"9":{"line":86,"type":"switch","locations":[{"start":{"line":87,"column":12},"end":{"line":89,"column":22}},{"start":{"line":90,"column":12},"end":{"line":92,"column":22}},{"start":{"line":93,"column":12},"end":{"line":95,"column":22}},{"start":{"line":96,"column":12},"end":{"line":98,"column":22}},{"start":{"line":99,"column":12},"end":{"line":101,"column":22}},{"start":{"line":102,"column":12},"end":{"line":104,"column":22}},{"start":{"line":105,"column":12},"end":{"line":107,"column":22}},{"start":{"line":108,"column":12},"end":{"line":110,"column":22}},{"start":{"line":111,"column":12},"end":{"line":113,"column":22}}]},"10":{"line":125,"type":"if","locations":[{"start":{"line":125,"column":8},"end":{"line":125,"column":8}},{"start":{"line":125,"column":8},"end":{"line":125,"column":8}}]},"11":{"line":129,"type":"if","locations":[{"start":{"line":129,"column":8},"end":{"line":129,"column":8}},{"start":{"line":129,"column":8},"end":{"line":129,"column":8}}]},"12":{"line":179,"type":"cond-expr","locations":[{"start":{"line":179,"column":32},"end":{"line":179,"column":33}},{"start":{"line":179,"column":37},"end":{"line":179,"column":50}}]},"13":{"line":199,"type":"binary-expr","locations":[{"start":{"line":199,"column":15},"end":{"line":199,"column":39}},{"start":{"line":199,"column":43},"end":{"line":199,"column":53}},{"start":{"line":199,"column":57},"end":{"line":199,"column":65}}]}},"l":{"1":1,"2":1,"3":1,"5":1,"6":1,"17":1,"18":1,"19":1,"20":1,"22":1,"23":1,"26":1,"32":1,"33":0,"34":0,"35":0,"37":1,"43":1,"44":0,"45":0,"46":0,"47":0,"49":1,"55":1,"56":0,"57":0,"58":0,"60":1,"68":1,"69":1,"70":1,"72":0,"74":1,"84":1,"85":2,"86":2,"88":1,"89":1,"91":0,"92":0,"94":0,"95":0,"97":0,"98":0,"100":0,"101":0,"103":0,"104":0,"106":1,"107":1,"109":0,"110":0,"112":0,"113":0,"115":2,"117":1,"124":1,"125":0,"126":0,"128":0,"129":0,"130":0,"131":0,"132":0,"133":0,"134":0,"137":1,"143":1,"144":2,"145":2,"146":6,"148":2,"149":2,"150":6,"152":2,"154":1,"160":1,"161":2,"162":2,"163":2,"164":32,"166":2,"168":1,"174":1,"175":1,"176":1,"177":31,"178":31,"179":31,"181":1,"183":1,"189":1,"190":2,"192":1,"198":1,"199":3,"201":1}},
"C:\\github\\pnp\\Libraries\\Core.JavaScript\\output\\mocks\\MockStorage.js":{"path":"C:\\github\\pnp\\Libraries\\Core.JavaScript\\output\\mocks\\MockStorage.js","s":{"1":1,"2":1,"3":1,"4":1,"5":1,"6":0,"7":0,"8":1,"9":1,"10":1,"11":8,"12":1,"13":0,"14":0,"15":1,"16":0,"17":1,"18":9,"19":1,"20":0,"21":1,"22":9,"23":1,"24":15,"25":1,"26":1},"b":{"1":[1,0],"2":[1,1],"3":[1,0],"4":[0,0],"5":[0,0]},"f":{"1":1,"2":1,"3":1,"4":8,"5":0,"6":0,"7":0,"8":9,"9":0,"10":9,"11":15},"fnMap":{"1":{"name":"(anonymous_1)","line":1,"loc":{"start":{"line":1,"column":1},"end":{"line":1,"column":20}}},"2":{"name":"(anonymous_2)","line":8,"loc":{"start":{"line":8,"column":3},"end":{"line":8,"column":31}}},"3":{"name":"(anonymous_3)","line":11,"loc":{"start":{"line":11,"column":23},"end":{"line":11,"column":35}}},"4":{"name":"MockStorage","line":12,"loc":{"start":{"line":12,"column":8},"end":{"line":12,"column":31}}},"5":{"name":"(anonymous_5)","line":16,"loc":{"start":{"line":16,"column":17},"end":{"line":16,"column":29}}},"6":{"name":"(anonymous_6)","line":19,"loc":{"start":{"line":19,"column":17},"end":{"line":19,"column":30}}},"7":{"name":"(anonymous_7)","line":25,"loc":{"start":{"line":25,"column":38},"end":{"line":25,"column":50}}},"8":{"name":"(anonymous_8)","line":28,"loc":{"start":{"line":28,"column":40},"end":{"line":28,"column":55}}},"9":{"name":"(anonymous_9)","line":31,"loc":{"start":{"line":31,"column":36},"end":{"line":31,"column":53}}},"10":{"name":"(anonymous_10)","line":34,"loc":{"start":{"line":34,"column":43},"end":{"line":34,"column":58}}},"11":{"name":"(anonymous_11)","line":37,"loc":{"start":{"line":37,"column":40},"end":{"line":37,"column":61}}}},"statementMap":{"1":{"start":{"line":1,"column":0},"end":{"line":43,"column":3}},"2":{"start":{"line":2,"column":4},"end":{"line":7,"column":5},"skip":true},"3":{"start":{"line":3,"column":8},"end":{"line":3,"column":42},"skip":true},"4":{"start":{"line":3,"column":43},"end":{"line":3,"column":83},"skip":true},"5":{"start":{"line":3,"column":64},"end":{"line":3,"column":83},"skip":true},"6":{"start":{"line":5,"column":9},"end":{"line":7,"column":5},"skip":true},"7":{"start":{"line":6,"column":8},"end":{"line":6,"column":78},"skip":true},"8":{"start":{"line":10,"column":4},"end":{"line":10,"column":60}},"9":{"start":{"line":11,"column":4},"end":{"line":41,"column":9}},"10":{"start":{"line":12,"column":8},"end":{"line":14,"column":9}},"11":{"start":{"line":13,"column":12},"end":{"line":13,"column":55}},"12":{"start":{"line":15,"column":8},"end":{"line":24,"column":11}},"13":{"start":{"line":17,"column":16},"end":{"line":17,"column":43}},"14":{"start":{"line":20,"column":16},"end":{"line":20,"column":23}},"15":{"start":{"line":25,"column":8},"end":{"line":27,"column":10}},"16":{"start":{"line":26,"column":12},"end":{"line":26,"column":32}},"17":{"start":{"line":28,"column":8},"end":{"line":30,"column":10}},"18":{"start":{"line":29,"column":12},"end":{"line":29,"column":40}},"19":{"start":{"line":31,"column":8},"end":{"line":33,"column":10}},"20":{"start":{"line":32,"column":12},"end":{"line":32,"column":48}},"21":{"start":{"line":34,"column":8},"end":{"line":36,"column":10}},"22":{"start":{"line":35,"column":12},"end":{"line":35,"column":36}},"23":{"start":{"line":37,"column":8},"end":{"line":39,"column":10}},"24":{"start":{"line":38,"column":12},"end":{"line":38,"column":39}},"25":{"start":{"line":40,"column":8},"end":{"line":40,"column":27}},"26":{"start":{"line":42,"column":4},"end":{"line":42,"column":23}}},"branchMap":{"1":{"line":2,"type":"if","locations":[{"start":{"line":2,"column":4},"end":{"line":2,"column":4},"skip":true},{"start":{"line":2,"column":4},"end":{"line":2,"column":4},"skip":true}]},"2":{"line":2,"type":"binary-expr","locations":[{"start":{"line":2,"column":8},"end":{"line":2,"column":34},"skip":true},{"start":{"line":2,"column":38},"end":{"line":2,"column":72},"skip":true}]},"3":{"line":3,"type":"if","locations":[{"start":{"line":3,"column":43},"end":{"line":3,"column":43},"skip":true},{"start":{"line":3,"column":43},"end":{"line":3,"column":43},"skip":true}]},"4":{"line":5,"type":"if","locations":[{"start":{"line":5,"column":9},"end":{"line":5,"column":9},"skip":true},{"start":{"line":5,"column":9},"end":{"line":5,"column":9},"skip":true}]},"5":{"line":5,"type":"binary-expr","locations":[{"start":{"line":5,"column":13},"end":{"line":5,"column":41},"skip":true},{"start":{"line":5,"column":45},"end":{"line":5,"column":55},"skip":true}]}},"l":{"1":1,"2":1,"3":1,"5":1,"6":1,"10":1,"11":1,"12":1,"13":8,"15":1,"17":0,"20":0,"25":1,"26":0,"28":1,"29":9,"31":1,"32":0,"34":1,"35":9,"37":1,"38":15,"40":1,"42":1}},
"C:\\github\\pnp\\Libraries\\Core.JavaScript\\output\\sharepoint\\rest\\Queryable.js":{"path":"C:\\github\\pnp\\Libraries\\Core.JavaScript\\output\\sharepoint\\rest\\Queryable.js","s":{"1":1,"2":1,"3":1,"4":1,"5":0,"6":0,"7":0,"8":1,"9":1,"10":1,"11":11,"12":11,"13":1,"14":1,"15":1,"16":1,"17":1,"18":1,"19":1,"20":6,"21":6,"22":2,"23":6,"24":1,"25":0,"26":0,"27":0,"28":0,"29":1,"30":1},"b":{"1":[1,0],"2":[1,1],"3":[0,1],"4":[0,0],"5":[0,0],"6":[2,4],"7":[0,0]},"f":{"1":1,"2":1,"3":1,"4":11,"5":1,"6":1,"7":6,"8":0,"9":0,"10":0},"fnMap":{"1":{"name":"(anonymous_1)","line":1,"loc":{"start":{"line":1,"column":1},"end":{"line":1,"column":20}}},"2":{"name":"(anonymous_2)","line":8,"loc":{"start":{"line":8,"column":3},"end":{"line":8,"column":31}}},"3":{"name":"(anonymous_3)","line":16,"loc":{"start":{"line":16,"column":21},"end":{"line":16,"column":33}}},"4":{"name":"Queryable","line":17,"loc":{"start":{"line":17,"column":8},"end":{"line":17,"column":44}}},"5":{"name":"(anonymous_5)","line":21,"loc":{"start":{"line":21,"column":37},"end":{"line":21,"column":55}}},"6":{"name":"(anonymous_6)","line":25,"loc":{"start":{"line":25,"column":37},"end":{"line":25,"column":55}}},"7":{"name":"(anonymous_7)","line":29,"loc":{"start":{"line":29,"column":34},"end":{"line":29,"column":46}}},"8":{"name":"(anonymous_8)","line":36,"loc":{"start":{"line":36,"column":34},"end":{"line":36,"column":46}}},"9":{"name":"(anonymous_9)","line":38,"loc":{"start":{"line":38,"column":31},"end":{"line":38,"column":58}}},"10":{"name":"(anonymous_10)","line":39,"loc":{"start":{"line":39,"column":88},"end":{"line":39,"column":104}}}},"statementMap":{"1":{"start":{"line":1,"column":0},"end":{"line":47,"column":3}},"2":{"start":{"line":2,"column":4},"end":{"line":7,"column":5},"skip":true},"3":{"start":{"line":3,"column":8},"end":{"line":3,"column":42},"skip":true},"4":{"start":{"line":3,"column":43},"end":{"line":3,"column":83},"skip":true},"5":{"start":{"line":3,"column":64},"end":{"line":3,"column":83},"skip":true},"6":{"start":{"line":5,"column":9},"end":{"line":7,"column":5},"skip":true},"7":{"start":{"line":6,"column":8},"end":{"line":6,"column":68},"skip":true},"8":{"start":{"line":11,"column":4},"end":{"line":11,"column":43}},"9":{"start":{"line":16,"column":4},"end":{"line":45,"column":9}},"10":{"start":{"line":17,"column":8},"end":{"line":20,"column":9}},"11":{"start":{"line":18,"column":12},"end":{"line":18,"column":49}},"12":{"start":{"line":19,"column":12},"end":{"line":19,"column":29}},"13":{"start":{"line":21,"column":8},"end":{"line":24,"column":10}},"14":{"start":{"line":22,"column":12},"end":{"line":22,"column":60}},"15":{"start":{"line":23,"column":12},"end":{"line":23,"column":24}},"16":{"start":{"line":25,"column":8},"end":{"line":28,"column":10}},"17":{"start":{"line":26,"column":12},"end":{"line":26,"column":50}},"18":{"start":{"line":27,"column":12},"end":{"line":27,"column":24}},"19":{"start":{"line":29,"column":8},"end":{"line":35,"column":10}},"20":{"start":{"line":30,"column":12},"end":{"line":30,"column":41}},"21":{"start":{"line":31,"column":12},"end":{"line":33,"column":13}},"22":{"start":{"line":32,"column":16},"end":{"line":32,"column":53}},"23":{"start":{"line":34,"column":12},"end":{"line":34,"column":23}},"24":{"start":{"line":36,"column":8},"end":{"line":43,"column":10}},"25":{"start":{"line":37,"column":12},"end":{"line":37,"column":29}},"26":{"start":{"line":38,"column":12},"end":{"line":42,"column":15}},"27":{"start":{"line":39,"column":16},"end":{"line":41,"column":19}},"28":{"start":{"line":40,"column":20},"end":{"line":40,"column":97}},"29":{"start":{"line":44,"column":8},"end":{"line":44,"column":25}},"30":{"start":{"line":46,"column":4},"end":{"line":46,"column":34}}},"branchMap":{"1":{"line":2,"type":"if","locations":[{"start":{"line":2,"column":4},"end":{"line":2,"column":4},"skip":true},{"start":{"line":2,"column":4},"end":{"line":2,"column":4},"skip":true}]},"2":{"line":2,"type":"binary-expr","locations":[{"start":{"line":2,"column":8},"end":{"line":2,"column":34},"skip":true},{"start":{"line":2,"column":38},"end":{"line":2,"column":72},"skip":true}]},"3":{"line":3,"type":"if","locations":[{"start":{"line":3,"column":43},"end":{"line":3,"column":43},"skip":true},{"start":{"line":3,"column":43},"end":{"line":3,"column":43},"skip":true}]},"4":{"line":5,"type":"if","locations":[{"start":{"line":5,"column":9},"end":{"line":5,"column":9},"skip":true},{"start":{"line":5,"column":9},"end":{"line":5,"column":9},"skip":true}]},"5":{"line":5,"type":"binary-expr","locations":[{"start":{"line":5,"column":13},"end":{"line":5,"column":41},"skip":true},{"start":{"line":5,"column":45},"end":{"line":5,"column":55},"skip":true}]},"6":{"line":31,"type":"if","locations":[{"start":{"line":31,"column":12},"end":{"line":31,"column":12}},{"start":{"line":31,"column":12},"end":{"line":31,"column":12}}]},"7":{"line":40,"type":"cond-expr","locations":[{"start":{"line":40,"column":55},"end":{"line":40,"column":78}},{"start":{"line":40,"column":81},"end":{"line":40,"column":96}}]}},"l":{"1":1,"2":1,"3":1,"5":1,"6":1,"11":1,"16":1,"17":1,"18":11,"19":11,"21":1,"22":1,"23":1,"25":1,"26":1,"27":1,"29":1,"30":6,"31":6,"32":2,"34":6,"36":1,"37":0,"38":0,"39":0,"40":0,"44":1,"46":1}}}
