TN:
SF:C:\github\pnp\Libraries\Core.JavaScript\output\pnp.js
FN:1,(anonymous_1)
FN:8,(anonymous_2)
FN:18,(anonymous_3)
FN:19,PnP
FNF:4
FNH:3
FNDA:1,(anonymous_1)
FNDA:1,(anonymous_2)
FNDA:1,(anonymous_3)
FNDA:0,PnP
DA:1,1
DA:2,1
DA:3,1
DA:5,1
DA:6,1
DA:10,1
DA:11,1
DA:12,1
DA:13,1
DA:14,1
DA:18,1
DA:19,1
DA:24,1
DA:28,1
DA:32,1
DA:36,1
DA:40,1
DA:41,1
DA:43,1
LF:19
LH:19
BRDA:2,1,0,1
BRDA:2,1,1,0
BRDA:2,2,0,1
BRDA:2,2,1,1
BRDA:3,3,0,1
BRDA:3,3,1,0
BRDA:5,4,0,0
BRDA:5,4,1,0
BRDA:5,5,0,0
BRDA:5,5,1,0
BRF:10
BRH:10
end_of_record
TN:
SF:C:\github\pnp\Libraries\Core.JavaScript\output\configuration\configuration.js
FN:1,(anonymous_1)
FN:8,(anonymous_2)
FN:14,(anonymous_3)
FN:15,Settings
FN:18,(anonymous_5)
FN:21,(anonymous_6)
FN:24,(anonymous_7)
FN:27,(anonymous_8)
FN:29,(anonymous_9)
FN:30,(anonymous_10)
FN:33,(anonymous_11)
FN:38,(anonymous_12)
FN:41,(anonymous_13)
FNF:13
FNH:13
FNDA:1,(anonymous_1)
FNDA:1,(anonymous_2)
FNDA:1,(anonymous_3)
FNDA:12,Settings
FNDA:2,(anonymous_5)
FNDA:1,(anonymous_6)
FNDA:4,(anonymous_7)
FNDA:9,(anonymous_8)
FNDA:9,(anonymous_9)
FNDA:7,(anonymous_10)
FNDA:1,(anonymous_11)
FNDA:14,(anonymous_12)
FNDA:2,(anonymous_13)
DA:1,1
DA:2,1
DA:3,1
DA:5,1
DA:6,1
DA:10,1
DA:11,1
DA:12,1
DA:13,1
DA:14,1
DA:15,1
DA:16,12
DA:18,1
DA:19,2
DA:21,1
DA:22,1
DA:24,1
DA:25,4
DA:27,1
DA:28,9
DA:29,9
DA:30,9
DA:31,7
DA:32,7
DA:34,1
DA:38,1
DA:39,14
DA:41,1
DA:42,2
DA:43,2
DA:44,0
DA:46,2
DA:48,1
DA:50,1
LF:34
LH:33
BRDA:2,1,0,1
BRDA:2,1,1,0
BRDA:2,2,0,1
BRDA:2,2,1,1
BRDA:3,3,0,0
BRDA:3,3,1,1
BRDA:5,4,0,0
BRDA:5,4,1,0
BRDA:5,5,0,0
BRDA:5,5,1,0
BRDA:43,6,0,0
BRDA:43,6,1,2
BRDA:43,7,0,2
BRDA:43,7,1,2
BRF:14
BRH:13
end_of_record
TN:
SF:C:\github\pnp\Libraries\Core.JavaScript\output\collections\collections.js
FN:1,(anonymous_1)
FN:8,(anonymous_2)
FN:10,(anonymous_3)
FN:11,Dictionary
FN:15,(anonymous_5)
FN:22,(anonymous_6)
FN:32,(anonymous_7)
FN:39,(anonymous_8)
FN:50,(anonymous_9)
FN:53,(anonymous_10)
FN:56,(anonymous_11)
FN:60,(anonymous_12)
FNF:12
FNH:8
FNDA:1,(anonymous_1)
FNDA:1,(anonymous_2)
FNDA:1,(anonymous_3)
FNDA:20,Dictionary
FNDA:23,(anonymous_5)
FNDA:41,(anonymous_6)
FNDA:11,(anonymous_7)
FNDA:9,(anonymous_8)
FNDA:0,(anonymous_9)
FNDA:0,(anonymous_10)
FNDA:0,(anonymous_11)
FNDA:0,(anonymous_12)
DA:1,1
DA:2,1
DA:3,1
DA:5,1
DA:6,1
DA:10,1
DA:11,1
DA:12,20
DA:13,20
DA:15,1
DA:16,23
DA:17,23
DA:18,4
DA:20,19
DA:22,1
DA:23,41
DA:24,41
DA:25,6
DA:28,35
DA:29,35
DA:32,1
DA:33,11
DA:34,23
DA:35,23
DA:39,1
DA:40,9
DA:41,9
DA:43,0
DA:45,9
DA:46,9
DA:47,9
DA:48,9
DA:50,1
DA:51,0
DA:53,1
DA:54,0
DA:56,1
DA:57,0
DA:58,0
DA:60,1
DA:61,0
DA:63,1
DA:65,1
LF:43
LH:37
BRDA:2,1,0,1
BRDA:2,1,1,0
BRDA:2,2,0,1
BRDA:2,2,1,1
BRDA:3,3,0,0
BRDA:3,3,1,1
BRDA:5,4,0,0
BRDA:5,4,1,0
BRDA:5,5,0,0
BRDA:5,5,1,0
BRDA:17,6,0,4
BRDA:17,6,1,19
BRDA:24,7,0,6
BRDA:24,7,1,35
BRDA:34,8,0,23
BRDA:34,8,1,0
BRDA:41,9,0,0
BRDA:41,9,1,9
BRF:18
BRH:16
end_of_record
TN:
SF:C:\github\pnp\Libraries\Core.JavaScript\output\configuration\providers\providers.js
FN:1,(anonymous_1)
FN:8,(anonymous_2)
FNF:2
FNH:2
FNDA:1,(anonymous_1)
FNDA:1,(anonymous_2)
DA:1,1
DA:2,1
DA:3,1
DA:5,1
DA:6,1
DA:10,1
DA:11,1
DA:12,1
DA:13,1
LF:9
LH:9
BRDA:2,1,0,1
BRDA:2,1,1,0
BRDA:2,2,0,1
BRDA:2,2,1,1
BRDA:3,3,0,0
BRDA:3,3,1,1
BRDA:5,4,0,0
BRDA:5,4,1,0
BRDA:5,5,0,0
BRDA:5,5,1,0
BRF:10
BRH:10
end_of_record
TN:
SF:C:\github\pnp\Libraries\Core.JavaScript\output\configuration\providers\cachingConfigurationProvider.js
FN:1,(anonymous_1)
FN:8,(anonymous_2)
FN:12,(anonymous_3)
FN:13,CachingConfigurationProvider
FN:18,(anonymous_5)
FN:21,(anonymous_6)
FN:30,(anonymous_7)
FN:36,(anonymous_8)
FN:41,(anonymous_9)
FNF:9
FNH:9
FNDA:1,(anonymous_1)
FNDA:1,(anonymous_2)
FNDA:1,(anonymous_3)
FNDA:5,CachingConfigurationProvider
FNDA:1,(anonymous_5)
FNDA:6,(anonymous_6)
FNDA:1,(anonymous_7)
FNDA:3,(anonymous_8)
FNDA:1,(anonymous_9)
DA:1,1
DA:2,1
DA:3,1
DA:5,1
DA:6,1
DA:10,1
DA:11,1
DA:12,1
DA:13,1
DA:14,5
DA:15,5
DA:16,5
DA:18,1
DA:19,1
DA:21,1
DA:22,6
DA:24,6
DA:25,2
DA:28,4
DA:29,4
DA:30,1
DA:31,1
DA:35,3
DA:36,3
DA:37,3
DA:39,3
DA:41,1
DA:42,1
DA:43,1
DA:44,1
DA:46,0
DA:47,0
DA:49,0
DA:51,1
DA:53,1
DA:54,1
LF:36
LH:33
BRDA:2,1,0,1
BRDA:2,1,1,0
BRDA:2,2,0,1
BRDA:2,2,1,1
BRDA:3,3,0,0
BRDA:3,3,1,1
BRDA:5,4,0,0
BRDA:5,4,1,0
BRDA:5,5,0,0
BRDA:5,5,1,0
BRDA:15,6,0,4
BRDA:15,6,1,1
BRDA:24,7,0,2
BRDA:24,7,1,4
BRDA:24,8,0,6
BRDA:24,8,1,6
BRDA:29,9,0,1
BRDA:29,9,1,3
BRDA:43,10,0,1
BRDA:43,10,1,0
BRDA:43,11,0,1
BRDA:43,11,1,1
BRDA:46,12,0,0
BRDA:46,12,1,0
BRDA:46,13,0,0
BRDA:46,13,1,0
BRF:26
BRH:21
end_of_record
TN:
SF:C:\github\pnp\Libraries\Core.JavaScript\output\utils\storage.js
FN:1,(anonymous_1)
FN:8,(anonymous_2)
FN:15,(anonymous_3)
FN:19,PnPClientStorageWrapper
FN:30,(anonymous_5)
FN:55,(anonymous_6)
FN:65,(anonymous_7)
FN:77,(anonymous_8)
FN:94,(anonymous_9)
FN:108,(anonymous_10)
FN:120,(anonymous_11)
FN:124,PnPClientStorage
FNF:12
FNH:10
FNDA:1,(anonymous_1)
FNDA:1,(anonymous_2)
FNDA:1,(anonymous_3)
FNDA:5,PnPClientStorageWrapper
FNDA:5,(anonymous_5)
FNDA:3,(anonymous_6)
FNDA:0,(anonymous_7)
FNDA:0,(anonymous_8)
FNDA:5,(anonymous_9)
FNDA:3,(anonymous_10)
FNDA:1,(anonymous_11)
FNDA:1,PnPClientStorage
DA:1,1
DA:2,1
DA:3,1
DA:5,1
DA:6,1
DA:10,1
DA:15,1
DA:19,1
DA:20,5
DA:21,5
DA:22,5
DA:23,5
DA:30,1
DA:31,5
DA:32,0
DA:34,5
DA:35,5
DA:36,3
DA:38,2
DA:39,2
DA:40,0
DA:41,0
DA:44,2
DA:46,2
DA:55,1
DA:56,3
DA:57,3
DA:65,1
DA:66,0
DA:67,0
DA:77,1
DA:78,0
DA:79,0
DA:81,0
DA:82,0
DA:84,0
DA:85,0
DA:86,0
DA:87,0
DA:89,0
DA:94,1
DA:95,5
DA:96,5
DA:97,5
DA:98,5
DA:99,5
DA:102,0
DA:108,1
DA:109,3
DA:110,3
DA:112,3
DA:114,1
DA:116,1
DA:120,1
DA:124,1
DA:125,1
DA:126,1
DA:128,1
DA:130,1
LF:59
LH:44
BRDA:2,1,0,1
BRDA:2,1,1,0
BRDA:2,2,0,1
BRDA:2,2,1,1
BRDA:3,3,0,0
BRDA:3,3,1,1
BRDA:5,4,0,0
BRDA:5,4,1,0
BRDA:5,5,0,0
BRDA:5,5,1,0
BRDA:22,6,0,5
BRDA:22,6,1,0
BRDA:31,7,0,0
BRDA:31,7,1,5
BRDA:35,8,0,3
BRDA:35,8,1,2
BRDA:39,9,0,0
BRDA:39,9,1,2
BRDA:56,10,0,3
BRDA:56,10,1,0
BRDA:66,11,0,0
BRDA:66,11,1,0
BRDA:78,12,0,0
BRDA:78,12,1,0
BRDA:81,13,0,0
BRDA:81,13,1,0
BRDA:85,14,0,0
BRDA:85,14,1,0
BRDA:109,15,0,3
BRDA:109,15,1,0
BRDA:125,16,0,1
BRDA:125,16,1,0
BRDA:126,17,0,0
BRDA:126,17,1,1
BRF:34
BRH:19
end_of_record
TN:
SF:C:\github\pnp\Libraries\Core.JavaScript\output\configuration\providers\spListConfigurationProvider.js
FN:1,(anonymous_1)
FN:8,(anonymous_2)
FN:13,(anonymous_3)
FN:14,SPListConfigurationProvider
FN:19,(anonymous_5)
FN:22,(anonymous_6)
FN:25,(anonymous_7)
FN:27,(anonymous_8)
FN:29,(anonymous_9)
FN:32,(anonymous_10)
FN:39,(anonymous_11)
FNF:11
FNH:11
FNDA:1,(anonymous_1)
FNDA:1,(anonymous_2)
FNDA:1,(anonymous_3)
FNDA:5,SPListConfigurationProvider
FNDA:1,(anonymous_5)
FNDA:2,(anonymous_6)
FNDA:1,(anonymous_7)
FNDA:1,(anonymous_8)
FNDA:1,(anonymous_9)
FNDA:2,(anonymous_10)
FNDA:1,(anonymous_11)
DA:1,1
DA:2,1
DA:3,1
DA:5,1
DA:6,1
DA:10,1
DA:11,1
DA:12,1
DA:13,1
DA:14,1
DA:15,5
DA:16,5
DA:17,5
DA:19,1
DA:20,1
DA:22,1
DA:23,2
DA:25,1
DA:26,1
DA:27,1
DA:28,1
DA:29,1
DA:30,1
DA:31,1
DA:32,1
DA:33,2
DA:35,1
DA:39,1
DA:40,1
DA:41,1
DA:43,1
DA:45,1
DA:46,1
LF:33
LH:33
BRDA:2,1,0,1
BRDA:2,1,1,0
BRDA:2,2,0,1
BRDA:2,2,1,1
BRDA:3,3,0,0
BRDA:3,3,1,1
BRDA:5,4,0,0
BRDA:5,4,1,0
BRDA:5,5,0,0
BRDA:5,5,1,0
BRDA:15,6,0,3
BRDA:15,6,1,2
BRDA:30,7,0,1
BRDA:30,7,1,0
BRF:14
BRH:13
end_of_record
TN:
SF:C:\github\pnp\Libraries\Core.JavaScript\output\utils\logging.js
FN:1,(anonymous_1)
FN:8,(anonymous_2)
FN:15,(anonymous_3)
FN:27,(anonymous_4)
FN:34,Logger
FN:44,(anonymous_6)
FN:51,(anonymous_7)
FN:60,(anonymous_8)
FN:69,(anonymous_9)
FN:85,(anonymous_10)
FN:86,ConsoleListener
FN:93,(anonymous_12)
FN:113,(anonymous_13)
FN:124,(anonymous_14)
FN:130,AzureInsightsListener
FN:133,(anonymous_16)
FN:134,r
FN:135,(anonymous_18)
FN:137,(anonymous_19)
FN:144,(anonymous_20)
FN:158,(anonymous_21)
FN:173,(anonymous_22)
FN:184,(anonymous_23)
FN:190,FunctionListener
FN:198,(anonymous_25)
FNF:25
FNH:14
FNDA:1,(anonymous_1)
FNDA:1,(anonymous_2)
FNDA:1,(anonymous_3)
FNDA:1,(anonymous_4)
FNDA:4,Logger
FNDA:5,(anonymous_6)
FNDA:1,(anonymous_7)
FNDA:1,(anonymous_8)
FNDA:2,(anonymous_9)
FNDA:1,(anonymous_10)
FNDA:0,ConsoleListener
FNDA:0,(anonymous_12)
FNDA:0,(anonymous_13)
FNDA:1,(anonymous_14)
FNDA:0,AzureInsightsListener
FNDA:0,(anonymous_16)
FNDA:0,r
FNDA:0,(anonymous_18)
FNDA:0,(anonymous_19)
FNDA:0,(anonymous_20)
FNDA:0,(anonymous_21)
FNDA:0,(anonymous_22)
FNDA:1,(anonymous_23)
FNDA:5,FunctionListener
FNDA:2,(anonymous_25)
DA:1,1
DA:2,1
DA:3,1
DA:5,1
DA:6,1
DA:10,1
DA:15,1
DA:16,1
DA:17,1
DA:18,1
DA:19,1
DA:20,1
DA:22,1
DA:27,1
DA:34,1
DA:35,4
DA:36,4
DA:37,4
DA:38,4
DA:44,1
DA:45,5
DA:46,5
DA:51,1
DA:52,1
DA:60,1
DA:61,1
DA:62,1
DA:69,1
DA:70,2
DA:71,2
DA:72,0
DA:74,2
DA:75,2
DA:78,1
DA:80,1
DA:85,1
DA:86,1
DA:93,1
DA:94,0
DA:95,0
DA:98,0
DA:99,0
DA:101,0
DA:102,0
DA:104,0
DA:105,0
DA:113,1
DA:114,0
DA:116,1
DA:118,1
DA:124,1
DA:130,1
DA:131,0
DA:132,0
DA:133,0
DA:134,1
DA:135,0
DA:136,0
DA:137,0
DA:140,0
DA:141,0
DA:142,0
DA:144,0
DA:145,0
DA:146,0
DA:151,0
DA:158,1
DA:159,0
DA:160,0
DA:161,0
DA:162,0
DA:165,0
DA:173,1
DA:174,0
DA:176,1
DA:178,1
DA:184,1
DA:190,1
DA:191,5
DA:198,1
DA:199,2
DA:201,1
DA:203,1
LF:83
LH:54
BRDA:2,1,0,1
BRDA:2,1,1,0
BRDA:2,2,0,1
BRDA:2,2,1,1
BRDA:3,3,0,0
BRDA:3,3,1,1
BRDA:5,4,0,0
BRDA:5,4,1,0
BRDA:5,5,0,0
BRDA:5,5,1,0
BRDA:21,6,0,1
BRDA:21,6,1,1
BRDA:35,7,0,1
BRDA:35,7,1,3
BRDA:36,8,0,4
BRDA:36,8,1,0
BRDA:61,9,0,1
BRDA:61,9,1,0
BRDA:71,10,0,0
BRDA:71,10,1,2
BRDA:95,11,0,0
BRDA:95,11,1,0
BRDA:95,11,2,0
BRDA:95,11,3,0
BRDA:133,12,0,0
BRDA:133,12,1,0
BRDA:144,13,0,0
BRDA:144,13,1,0
BRDA:145,14,0,0
BRDA:145,14,1,0
BRDA:146,15,0,0
BRDA:146,15,1,0
BRDA:161,16,0,0
BRDA:161,16,1,0
BRF:34
BRH:17
end_of_record
TN:
SF:C:\github\pnp\Libraries\Core.JavaScript\output\utils\args.js
FN:1,(anonymous_1)
FN:8,(anonymous_2)
FN:17,stringIsNullOrEmpty
FN:29,objectIsNull
FNF:4
FNH:4
FNDA:1,(anonymous_1)
FNDA:1,(anonymous_2)
FNDA:3,stringIsNullOrEmpty
FNDA:9,objectIsNull
DA:1,1
DA:2,1
DA:3,1
DA:5,1
DA:6,1
DA:10,1
DA:17,1
DA:18,3
DA:19,2
DA:22,1
DA:29,1
DA:30,9
DA:31,1
DA:34,1
LF:14
LH:14
BRDA:2,1,0,1
BRDA:2,1,1,0
BRDA:2,2,0,1
BRDA:2,2,1,1
BRDA:3,3,0,0
BRDA:3,3,1,1
BRDA:5,4,0,0
BRDA:5,4,1,0
BRDA:5,5,0,0
BRDA:5,5,1,0
BRDA:18,6,0,2
BRDA:18,6,1,1
BRDA:30,7,0,1
BRDA:30,7,1,8
BRDA:30,8,0,9
BRDA:30,8,1,9
BRF:16
BRH:16
end_of_record
TN:
SF:C:\github\pnp\Libraries\Core.JavaScript\output\utils\util.js
FN:1,(anonymous_1)
FN:8,(anonymous_2)
FN:17,getCtxCallback
FN:22,(anonymous_4)
FN:32,urlParamExists
FN:43,getUrlParamByName
FN:55,getUrlParamBoolByName
FN:68,stringInsert
FN:84,dateAdd
FN:124,loadStylesheet
FN:143,combinePaths
FN:160,getRandomString
FN:174,getGUID
FN:176,(anonymous_14)
FN:189,isFunction
FN:198,stringIsNullOrEmpty
FNF:16
FNH:12
FNDA:1,(anonymous_1)
FNDA:1,(anonymous_2)
FNDA:1,getCtxCallback
FNDA:1,(anonymous_4)
FNDA:0,urlParamExists
FNDA:0,getUrlParamByName
FNDA:0,getUrlParamBoolByName
FNDA:1,stringInsert
FNDA:2,dateAdd
FNDA:0,loadStylesheet
FNDA:2,combinePaths
FNDA:2,getRandomString
FNDA:1,getGUID
FNDA:31,(anonymous_14)
FNDA:2,isFunction
FNDA:3,stringIsNullOrEmpty
DA:1,1
DA:2,1
DA:3,1
DA:5,1
DA:6,1
DA:17,1
DA:18,1
DA:19,1
DA:20,1
DA:22,1
DA:23,1
DA:26,1
DA:32,1
DA:33,0
DA:34,0
DA:35,0
DA:37,1
DA:43,1
DA:44,0
DA:45,0
DA:46,0
DA:47,0
DA:49,1
DA:55,1
DA:56,0
DA:57,0
DA:58,0
DA:60,1
DA:68,1
DA:69,1
DA:70,1
DA:72,0
DA:74,1
DA:84,1
DA:85,2
DA:86,2
DA:88,1
DA:89,1
DA:91,0
DA:92,0
DA:94,0
DA:95,0
DA:97,0
DA:98,0
DA:100,0
DA:101,0
DA:103,0
DA:104,0
DA:106,1
DA:107,1
DA:109,0
DA:110,0
DA:112,0
DA:113,0
DA:115,2
DA:117,1
DA:124,1
DA:125,0
DA:126,0
DA:128,0
DA:129,0
DA:130,0
DA:131,0
DA:132,0
DA:133,0
DA:134,0
DA:137,1
DA:143,1
DA:144,2
DA:145,2
DA:146,6
DA:148,2
DA:149,2
DA:150,6
DA:152,2
DA:154,1
DA:160,1
DA:161,2
DA:162,2
DA:163,2
DA:164,32
DA:166,2
DA:168,1
DA:174,1
DA:175,1
DA:176,1
DA:177,31
DA:178,31
DA:179,31
DA:181,1
DA:183,1
DA:189,1
DA:190,2
DA:192,1
DA:198,1
DA:199,3
DA:201,1
LF:97
LH:63
BRDA:2,1,0,1
BRDA:2,1,1,0
BRDA:2,2,0,1
BRDA:2,2,1,1
BRDA:3,3,0,0
BRDA:3,3,1,1
BRDA:5,4,0,0
BRDA:5,4,1,0
BRDA:5,5,0,0
BRDA:5,5,1,0
BRDA:47,6,0,0
BRDA:47,6,1,0
BRDA:57,7,0,0
BRDA:57,7,1,0
BRDA:69,8,0,1
BRDA:69,8,1,0
BRDA:86,9,0,1
BRDA:86,9,1,0
BRDA:86,9,2,0
BRDA:86,9,3,0
BRDA:86,9,4,0
BRDA:86,9,5,0
BRDA:86,9,6,1
BRDA:86,9,7,0
BRDA:86,9,8,0
BRDA:125,10,0,0
BRDA:125,10,1,0
BRDA:129,11,0,0
BRDA:129,11,1,0
BRDA:179,12,0,30
BRDA:179,12,1,1
BRDA:199,13,0,3
BRDA:199,13,1,3
BRDA:199,13,2,2
BRF:34
BRH:18
end_of_record
TN:
SF:C:\github\pnp\Libraries\Core.JavaScript\output\mocks\MockStorage.js
FN:1,(anonymous_1)
FN:8,(anonymous_2)
FN:11,(anonymous_3)
FN:12,MockStorage
FN:16,(anonymous_5)
FN:19,(anonymous_6)
FN:25,(anonymous_7)
FN:28,(anonymous_8)
FN:31,(anonymous_9)
FN:34,(anonymous_10)
FN:37,(anonymous_11)
FNF:11
FNH:7
FNDA:1,(anonymous_1)
FNDA:1,(anonymous_2)
FNDA:1,(anonymous_3)
FNDA:8,MockStorage
FNDA:0,(anonymous_5)
FNDA:0,(anonymous_6)
FNDA:0,(anonymous_7)
FNDA:9,(anonymous_8)
FNDA:0,(anonymous_9)
FNDA:9,(anonymous_10)
FNDA:15,(anonymous_11)
DA:1,1
DA:2,1
DA:3,1
DA:5,1
DA:6,1
DA:10,1
DA:11,1
DA:12,1
DA:13,8
DA:15,1
DA:17,0
DA:20,0
DA:25,1
DA:26,0
DA:28,1
DA:29,9
DA:31,1
DA:32,0
DA:34,1
DA:35,9
DA:37,1
DA:38,15
DA:40,1
DA:42,1
LF:24
LH:20
BRDA:2,1,0,1
BRDA:2,1,1,0
BRDA:2,2,0,1
BRDA:2,2,1,1
BRDA:3,3,0,1
BRDA:3,3,1,0
BRDA:5,4,0,0
BRDA:5,4,1,0
BRDA:5,5,0,0
BRDA:5,5,1,0
BRF:10
BRH:10
end_of_record
TN:
SF:C:\github\pnp\Libraries\Core.JavaScript\output\sharepoint\rest\Queryable.js
FN:1,(anonymous_1)
FN:8,(anonymous_2)
FN:16,(anonymous_3)
FN:17,Queryable
FN:21,(anonymous_5)
FN:25,(anonymous_6)
FN:29,(anonymous_7)
FN:36,(anonymous_8)
FN:38,(anonymous_9)
FN:39,(anonymous_10)
FNF:10
FNH:7
FNDA:1,(anonymous_1)
FNDA:1,(anonymous_2)
FNDA:1,(anonymous_3)
FNDA:11,Queryable
FNDA:1,(anonymous_5)
FNDA:1,(anonymous_6)
FNDA:6,(anonymous_7)
FNDA:0,(anonymous_8)
FNDA:0,(anonymous_9)
FNDA:0,(anonymous_10)
DA:1,1
DA:2,1
DA:3,1
DA:5,1
DA:6,1
DA:11,1
DA:16,1
DA:17,1
DA:18,11
DA:19,11
DA:21,1
DA:22,1
DA:23,1
DA:25,1
DA:26,1
DA:27,1
DA:29,1
DA:30,6
DA:31,6
DA:32,2
DA:34,6
DA:36,1
DA:37,0
DA:38,0
DA:39,0
DA:40,0
DA:44,1
DA:46,1
LF:28
LH:24
BRDA:2,1,0,1
BRDA:2,1,1,0
BRDA:2,2,0,1
BRDA:2,2,1,1
BRDA:3,3,0,0
BRDA:3,3,1,1
BRDA:5,4,0,0
BRDA:5,4,1,0
BRDA:5,5,0,0
BRDA:5,5,1,0
BRDA:31,6,0,2
BRDA:31,6,1,4
BRDA:40,7,0,0
BRDA:40,7,1,0
BRF:14
BRH:12
end_of_record
